[ep 0 step     0 t=      1s vram= 1560MB] L=0.3240  D=0.3235  PSNR= 4.90  R=0.5003 bpp
saved checkpoints/sanity.pt (epoch 0, step 2)
saved checkpoints/sanity.pt (epoch 1, step 4)
saved checkpoints/sanity.pt (epoch 2, step 6)
saved checkpoints/sanity.pt (epoch 3, step 8)
saved checkpoints/sanity.pt (epoch 4, step 10)
saved checkpoints/sanity.pt (epoch 5, step 12)
saved checkpoints/sanity.pt (epoch 6, step 14)
saved checkpoints/sanity.pt (epoch 7, step 16)
saved checkpoints/sanity.pt (epoch 8, step 18)
saved checkpoints/sanity.pt (epoch 9, step 20)
saved checkpoints/sanity.pt (epoch 10, step 22)
saved checkpoints/sanity.pt (epoch 11, step 24)
[ep 12 step    25 t=     10s vram= 1668MB] L=0.1623  D=0.1527  PSNR= 8.16  R=9.5698 bpp
saved checkpoints/sanity.pt (epoch 12, step 26)
saved checkpoints/sanity.pt (epoch 13, step 28)
saved checkpoints/sanity.pt (epoch 14, step 30)
saved checkpoints/sanity.pt (epoch 15, step 32)
saved checkpoints/sanity.pt (epoch 16, step 34)
saved checkpoints/sanity.pt (epoch 17, step 36)
saved checkpoints/sanity.pt (epoch 18, step 38)
saved checkpoints/sanity.pt (epoch 19, step 40)
saved checkpoints/sanity.pt (epoch 20, step 42)
saved checkpoints/sanity.pt (epoch 21, step 44)
saved checkpoints/sanity.pt (epoch 22, step 46)
saved checkpoints/sanity.pt (epoch 23, step 48)
saved checkpoints/sanity.pt (epoch 24, step 50)
[ep 25 step    50 t=     19s vram= 1668MB] L=0.0758  D=0.0660  PSNR=11.80  R=9.7667 bpp
saved checkpoints/sanity.pt (epoch 25, step 52)
saved checkpoints/sanity.pt (epoch 26, step 54)
saved checkpoints/sanity.pt (epoch 27, step 56)
saved checkpoints/sanity.pt (epoch 28, step 58)
saved checkpoints/sanity.pt (epoch 29, step 60)
saved checkpoints/sanity.pt (epoch 30, step 62)
saved checkpoints/sanity.pt (epoch 31, step 64)
saved checkpoints/sanity.pt (epoch 32, step 66)
saved checkpoints/sanity.pt (epoch 33, step 68)
saved checkpoints/sanity.pt (epoch 34, step 70)
saved checkpoints/sanity.pt (epoch 35, step 72)
saved checkpoints/sanity.pt (epoch 36, step 74)
[ep 37 step    75 t=     28s vram= 1668MB] L=0.0570  D=0.0555  PSNR=12.56  R=1.5129 bpp
saved checkpoints/sanity.pt (epoch 37, step 76)
saved checkpoints/sanity.pt (epoch 38, step 78)
saved checkpoints/sanity.pt (epoch 39, step 80)
saved checkpoints/sanity.pt (epoch 40, step 82)
saved checkpoints/sanity.pt (epoch 41, step 84)
saved checkpoints/sanity.pt (epoch 42, step 86)
saved checkpoints/sanity.pt (epoch 43, step 88)
saved checkpoints/sanity.pt (epoch 44, step 90)
saved checkpoints/sanity.pt (epoch 45, step 92)
saved checkpoints/sanity.pt (epoch 46, step 94)
saved checkpoints/sanity.pt (epoch 47, step 96)
saved checkpoints/sanity.pt (epoch 48, step 98)
saved checkpoints/sanity.pt (epoch 49, step 100)
[ep 50 step   100 t=     37s vram= 1668MB] L=0.0622  D=0.0608  PSNR=12.16  R=1.4610 bpp
saved checkpoints/sanity.pt (epoch 50, step 102)
saved checkpoints/sanity.pt (epoch 51, step 104)
saved checkpoints/sanity.pt (epoch 52, step 106)
saved checkpoints/sanity.pt (epoch 53, step 108)
saved checkpoints/sanity.pt (epoch 54, step 110)
saved checkpoints/sanity.pt (epoch 55, step 112)
saved checkpoints/sanity.pt (epoch 56, step 114)
saved checkpoints/sanity.pt (epoch 57, step 116)
saved checkpoints/sanity.pt (epoch 58, step 118)
saved checkpoints/sanity.pt (epoch 59, step 120)
saved checkpoints/sanity.pt (epoch 60, step 122)
saved checkpoints/sanity.pt (epoch 61, step 124)
[ep 62 step   125 t=     46s vram= 1668MB] L=0.0545  D=0.0534  PSNR=12.73  R=1.1060 bpp
saved checkpoints/sanity.pt (epoch 62, step 126)
saved checkpoints/sanity.pt (epoch 63, step 128)
saved checkpoints/sanity.pt (epoch 64, step 130)
saved checkpoints/sanity.pt (epoch 65, step 132)
saved checkpoints/sanity.pt (epoch 66, step 134)
saved checkpoints/sanity.pt (epoch 67, step 136)
saved checkpoints/sanity.pt (epoch 68, step 138)
saved checkpoints/sanity.pt (epoch 69, step 140)
saved checkpoints/sanity.pt (epoch 70, step 142)
saved checkpoints/sanity.pt (epoch 71, step 144)
saved checkpoints/sanity.pt (epoch 72, step 146)
saved checkpoints/sanity.pt (epoch 73, step 148)
saved checkpoints/sanity.pt (epoch 74, step 150)
[ep 75 step   150 t=     55s vram= 1668MB] L=0.0457  D=0.0447  PSNR=13.50  R=1.0508 bpp
saved checkpoints/sanity.pt (epoch 75, step 152)
saved checkpoints/sanity.pt (epoch 76, step 154)
saved checkpoints/sanity.pt (epoch 77, step 156)
saved checkpoints/sanity.pt (epoch 78, step 158)
saved checkpoints/sanity.pt (epoch 79, step 160)
saved checkpoints/sanity.pt (epoch 80, step 162)
saved checkpoints/sanity.pt (epoch 81, step 164)
saved checkpoints/sanity.pt (epoch 82, step 166)
saved checkpoints/sanity.pt (epoch 83, step 168)
saved checkpoints/sanity.pt (epoch 84, step 170)
saved checkpoints/sanity.pt (epoch 85, step 172)
saved checkpoints/sanity.pt (epoch 86, step 174)
[ep 87 step   175 t=     64s vram= 1668MB] L=0.0458  D=0.0448  PSNR=13.49  R=1.0640 bpp
saved checkpoints/sanity.pt (epoch 87, step 176)
saved checkpoints/sanity.pt (epoch 88, step 178)
saved checkpoints/sanity.pt (epoch 89, step 180)
saved checkpoints/sanity.pt (epoch 90, step 182)
saved checkpoints/sanity.pt (epoch 91, step 184)
saved checkpoints/sanity.pt (epoch 92, step 186)
saved checkpoints/sanity.pt (epoch 93, step 188)
saved checkpoints/sanity.pt (epoch 94, step 190)
saved checkpoints/sanity.pt (epoch 95, step 192)
saved checkpoints/sanity.pt (epoch 96, step 194)
saved checkpoints/sanity.pt (epoch 97, step 196)
saved checkpoints/sanity.pt (epoch 98, step 198)
saved checkpoints/sanity.pt (epoch 99, step 200)
[ep 100 step   200 t=     73s vram= 1668MB] L=0.0389  D=0.0377  PSNR=14.24  R=1.1621 bpp
saved checkpoints/sanity.pt (epoch 100, step 202)
saved checkpoints/sanity.pt (epoch 101, step 204)
saved checkpoints/sanity.pt (epoch 102, step 206)
saved checkpoints/sanity.pt (epoch 103, step 208)
saved checkpoints/sanity.pt (epoch 104, step 210)
saved checkpoints/sanity.pt (epoch 105, step 212)
saved checkpoints/sanity.pt (epoch 106, step 214)
saved checkpoints/sanity.pt (epoch 107, step 216)
saved checkpoints/sanity.pt (epoch 108, step 218)
saved checkpoints/sanity.pt (epoch 109, step 220)
saved checkpoints/sanity.pt (epoch 110, step 222)
saved checkpoints/sanity.pt (epoch 111, step 224)
[ep 112 step   225 t=     83s vram= 1668MB] L=0.0315  D=0.0304  PSNR=15.17  R=1.0809 bpp
saved checkpoints/sanity.pt (epoch 112, step 226)
saved checkpoints/sanity.pt (epoch 113, step 228)
saved checkpoints/sanity.pt (epoch 114, step 230)
saved checkpoints/sanity.pt (epoch 115, step 232)
saved checkpoints/sanity.pt (epoch 116, step 234)
saved checkpoints/sanity.pt (epoch 117, step 236)
saved checkpoints/sanity.pt (epoch 118, step 238)
saved checkpoints/sanity.pt (epoch 119, step 240)
saved checkpoints/sanity.pt (epoch 120, step 242)
saved checkpoints/sanity.pt (epoch 121, step 244)
saved checkpoints/sanity.pt (epoch 122, step 246)
saved checkpoints/sanity.pt (epoch 123, step 248)
saved checkpoints/sanity.pt (epoch 124, step 250)
[ep 125 step   250 t=     92s vram= 1668MB] L=0.0331  D=0.0320  PSNR=14.94  R=1.0692 bpp
saved checkpoints/sanity.pt (epoch 125, step 252)
saved checkpoints/sanity.pt (epoch 126, step 254)
saved checkpoints/sanity.pt (epoch 127, step 256)
saved checkpoints/sanity.pt (epoch 128, step 258)
saved checkpoints/sanity.pt (epoch 129, step 260)
saved checkpoints/sanity.pt (epoch 130, step 262)
saved checkpoints/sanity.pt (epoch 131, step 264)
saved checkpoints/sanity.pt (epoch 132, step 266)
saved checkpoints/sanity.pt (epoch 133, step 268)
saved checkpoints/sanity.pt (epoch 134, step 270)
saved checkpoints/sanity.pt (epoch 135, step 272)
saved checkpoints/sanity.pt (epoch 136, step 274)
[ep 137 step   275 t=    101s vram= 1668MB] L=0.0349  D=0.0338  PSNR=14.70  R=1.0239 bpp
saved checkpoints/sanity.pt (epoch 137, step 276)
saved checkpoints/sanity.pt (epoch 138, step 278)
saved checkpoints/sanity.pt (epoch 139, step 280)
saved checkpoints/sanity.pt (epoch 140, step 282)
saved checkpoints/sanity.pt (epoch 141, step 284)
saved checkpoints/sanity.pt (epoch 142, step 286)
saved checkpoints/sanity.pt (epoch 143, step 288)
saved checkpoints/sanity.pt (epoch 144, step 290)
saved checkpoints/sanity.pt (epoch 145, step 292)
saved checkpoints/sanity.pt (epoch 146, step 294)
saved checkpoints/sanity.pt (epoch 147, step 296)
saved checkpoints/sanity.pt (epoch 148, step 298)
saved checkpoints/sanity.pt (epoch 149, step 300)
[ep 150 step   300 t=    110s vram= 1668MB] L=0.0351  D=0.0341  PSNR=14.67  R=1.0055 bpp
saved checkpoints/sanity.pt (epoch 150, step 302)
saved checkpoints/sanity.pt (epoch 151, step 304)
saved checkpoints/sanity.pt (epoch 152, step 306)
saved checkpoints/sanity.pt (epoch 153, step 308)
saved checkpoints/sanity.pt (epoch 154, step 310)
saved checkpoints/sanity.pt (epoch 155, step 312)
saved checkpoints/sanity.pt (epoch 156, step 314)
saved checkpoints/sanity.pt (epoch 157, step 316)
saved checkpoints/sanity.pt (epoch 158, step 318)
saved checkpoints/sanity.pt (epoch 159, step 320)
saved checkpoints/sanity.pt (epoch 160, step 322)
saved checkpoints/sanity.pt (epoch 161, step 324)
[ep 162 step   325 t=    120s vram= 1668MB] L=0.0257  D=0.0247  PSNR=16.07  R=0.9552 bpp
saved checkpoints/sanity.pt (epoch 162, step 326)
saved checkpoints/sanity.pt (epoch 163, step 328)
saved checkpoints/sanity.pt (epoch 164, step 330)
saved checkpoints/sanity.pt (epoch 165, step 332)
saved checkpoints/sanity.pt (epoch 166, step 334)
saved checkpoints/sanity.pt (epoch 167, step 336)
saved checkpoints/sanity.pt (epoch 168, step 338)
saved checkpoints/sanity.pt (epoch 169, step 340)
saved checkpoints/sanity.pt (epoch 170, step 342)
saved checkpoints/sanity.pt (epoch 171, step 344)
saved checkpoints/sanity.pt (epoch 172, step 346)
saved checkpoints/sanity.pt (epoch 173, step 348)
saved checkpoints/sanity.pt (epoch 174, step 350)
[ep 175 step   350 t=    129s vram= 1668MB] L=0.0238  D=0.0229  PSNR=16.41  R=0.8916 bpp
saved checkpoints/sanity.pt (epoch 175, step 352)
saved checkpoints/sanity.pt (epoch 176, step 354)
saved checkpoints/sanity.pt (epoch 177, step 356)
saved checkpoints/sanity.pt (epoch 178, step 358)
saved checkpoints/sanity.pt (epoch 179, step 360)
saved checkpoints/sanity.pt (epoch 180, step 362)
saved checkpoints/sanity.pt (epoch 181, step 364)
saved checkpoints/sanity.pt (epoch 182, step 366)
saved checkpoints/sanity.pt (epoch 183, step 368)
saved checkpoints/sanity.pt (epoch 184, step 370)
saved checkpoints/sanity.pt (epoch 185, step 372)
saved checkpoints/sanity.pt (epoch 186, step 374)
[ep 187 step   375 t=    138s vram= 1668MB] L=0.0293  D=0.0284  PSNR=15.46  R=0.8770 bpp
saved checkpoints/sanity.pt (epoch 187, step 376)
saved checkpoints/sanity.pt (epoch 188, step 378)
saved checkpoints/sanity.pt (epoch 189, step 380)
saved checkpoints/sanity.pt (epoch 190, step 382)
saved checkpoints/sanity.pt (epoch 191, step 384)
saved checkpoints/sanity.pt (epoch 192, step 386)
saved checkpoints/sanity.pt (epoch 193, step 388)
saved checkpoints/sanity.pt (epoch 194, step 390)
saved checkpoints/sanity.pt (epoch 195, step 392)
saved checkpoints/sanity.pt (epoch 196, step 394)
saved checkpoints/sanity.pt (epoch 197, step 396)
saved checkpoints/sanity.pt (epoch 198, step 398)
saved checkpoints/sanity.pt (epoch 199, step 400)
[ep 200 step   400 t=    147s vram= 1668MB] L=0.0333  D=0.0324  PSNR=14.89  R=0.8689 bpp
saved checkpoints/sanity.pt (epoch 200, step 402)
saved checkpoints/sanity.pt (epoch 201, step 404)
saved checkpoints/sanity.pt (epoch 202, step 406)
saved checkpoints/sanity.pt (epoch 203, step 408)
saved checkpoints/sanity.pt (epoch 204, step 410)
saved checkpoints/sanity.pt (epoch 205, step 412)
saved checkpoints/sanity.pt (epoch 206, step 414)
saved checkpoints/sanity.pt (epoch 207, step 416)
saved checkpoints/sanity.pt (epoch 208, step 418)
saved checkpoints/sanity.pt (epoch 209, step 420)
saved checkpoints/sanity.pt (epoch 210, step 422)
saved checkpoints/sanity.pt (epoch 211, step 424)
[ep 212 step   425 t=    156s vram= 1668MB] L=0.0278  D=0.0270  PSNR=15.69  R=0.8203 bpp
saved checkpoints/sanity.pt (epoch 212, step 426)
saved checkpoints/sanity.pt (epoch 213, step 428)
saved checkpoints/sanity.pt (epoch 214, step 430)
saved checkpoints/sanity.pt (epoch 215, step 432)
saved checkpoints/sanity.pt (epoch 216, step 434)
saved checkpoints/sanity.pt (epoch 217, step 436)
saved checkpoints/sanity.pt (epoch 218, step 438)
saved checkpoints/sanity.pt (epoch 219, step 440)
saved checkpoints/sanity.pt (epoch 220, step 442)
saved checkpoints/sanity.pt (epoch 221, step 444)
saved checkpoints/sanity.pt (epoch 222, step 446)
saved checkpoints/sanity.pt (epoch 223, step 448)
saved checkpoints/sanity.pt (epoch 224, step 450)
[ep 225 step   450 t=    165s vram= 1668MB] L=0.0225  D=0.0217  PSNR=16.64  R=0.8471 bpp
saved checkpoints/sanity.pt (epoch 225, step 452)
saved checkpoints/sanity.pt (epoch 226, step 454)
saved checkpoints/sanity.pt (epoch 227, step 456)
saved checkpoints/sanity.pt (epoch 228, step 458)
saved checkpoints/sanity.pt (epoch 229, step 460)
saved checkpoints/sanity.pt (epoch 230, step 462)
saved checkpoints/sanity.pt (epoch 231, step 464)
saved checkpoints/sanity.pt (epoch 232, step 466)
saved checkpoints/sanity.pt (epoch 233, step 468)
saved checkpoints/sanity.pt (epoch 234, step 470)
saved checkpoints/sanity.pt (epoch 235, step 472)
saved checkpoints/sanity.pt (epoch 236, step 474)
[ep 237 step   475 t=    175s vram= 1668MB] L=0.0180  D=0.0172  PSNR=17.65  R=0.8253 bpp
saved checkpoints/sanity.pt (epoch 237, step 476)
saved checkpoints/sanity.pt (epoch 238, step 478)
saved checkpoints/sanity.pt (epoch 239, step 480)
saved checkpoints/sanity.pt (epoch 240, step 482)
saved checkpoints/sanity.pt (epoch 241, step 484)
saved checkpoints/sanity.pt (epoch 242, step 486)
saved checkpoints/sanity.pt (epoch 243, step 488)
saved checkpoints/sanity.pt (epoch 244, step 490)
saved checkpoints/sanity.pt (epoch 245, step 492)
saved checkpoints/sanity.pt (epoch 246, step 494)
saved checkpoints/sanity.pt (epoch 247, step 496)
saved checkpoints/sanity.pt (epoch 248, step 498)
saved checkpoints/sanity.pt (epoch 249, step 500)
[ep 250 step   500 t=    184s vram= 1668MB] L=0.0157  D=0.0149  PSNR=18.28  R=0.8392 bpp
saved checkpoints/sanity.pt (epoch 250, step 502)
saved checkpoints/sanity.pt (epoch 251, step 504)
saved checkpoints/sanity.pt (epoch 252, step 506)
saved checkpoints/sanity.pt (epoch 253, step 508)
saved checkpoints/sanity.pt (epoch 254, step 510)
saved checkpoints/sanity.pt (epoch 255, step 512)
saved checkpoints/sanity.pt (epoch 256, step 514)
saved checkpoints/sanity.pt (epoch 257, step 516)
saved checkpoints/sanity.pt (epoch 258, step 518)
saved checkpoints/sanity.pt (epoch 259, step 520)
saved checkpoints/sanity.pt (epoch 260, step 522)
saved checkpoints/sanity.pt (epoch 261, step 524)
[ep 262 step   525 t=    193s vram= 1668MB] L=0.0201  D=0.0192  PSNR=17.16  R=0.8552 bpp
saved checkpoints/sanity.pt (epoch 262, step 526)
saved checkpoints/sanity.pt (epoch 263, step 528)
saved checkpoints/sanity.pt (epoch 264, step 530)
saved checkpoints/sanity.pt (epoch 265, step 532)
saved checkpoints/sanity.pt (epoch 266, step 534)
saved checkpoints/sanity.pt (epoch 267, step 536)
saved checkpoints/sanity.pt (epoch 268, step 538)
saved checkpoints/sanity.pt (epoch 269, step 540)
saved checkpoints/sanity.pt (epoch 270, step 542)
saved checkpoints/sanity.pt (epoch 271, step 544)
saved checkpoints/sanity.pt (epoch 272, step 546)
saved checkpoints/sanity.pt (epoch 273, step 548)
saved checkpoints/sanity.pt (epoch 274, step 550)
[ep 275 step   550 t=    202s vram= 1668MB] L=0.0187  D=0.0178  PSNR=17.49  R=0.8431 bpp
saved checkpoints/sanity.pt (epoch 275, step 552)
saved checkpoints/sanity.pt (epoch 276, step 554)
saved checkpoints/sanity.pt (epoch 277, step 556)
saved checkpoints/sanity.pt (epoch 278, step 558)
saved checkpoints/sanity.pt (epoch 279, step 560)
saved checkpoints/sanity.pt (epoch 280, step 562)
saved checkpoints/sanity.pt (epoch 281, step 564)
saved checkpoints/sanity.pt (epoch 282, step 566)
saved checkpoints/sanity.pt (epoch 283, step 568)
saved checkpoints/sanity.pt (epoch 284, step 570)
saved checkpoints/sanity.pt (epoch 285, step 572)
saved checkpoints/sanity.pt (epoch 286, step 574)
[ep 287 step   575 t=    212s vram= 1668MB] L=0.0174  D=0.0165  PSNR=17.82  R=0.8413 bpp
saved checkpoints/sanity.pt (epoch 287, step 576)
saved checkpoints/sanity.pt (epoch 288, step 578)
saved checkpoints/sanity.pt (epoch 289, step 580)
saved checkpoints/sanity.pt (epoch 290, step 582)
saved checkpoints/sanity.pt (epoch 291, step 584)
saved checkpoints/sanity.pt (epoch 292, step 586)
saved checkpoints/sanity.pt (epoch 293, step 588)
saved checkpoints/sanity.pt (epoch 294, step 590)
saved checkpoints/sanity.pt (epoch 295, step 592)
saved checkpoints/sanity.pt (epoch 296, step 594)
saved checkpoints/sanity.pt (epoch 297, step 596)
saved checkpoints/sanity.pt (epoch 298, step 598)
saved checkpoints/sanity.pt (epoch 299, step 600)
[ep 300 step   600 t=    221s vram= 1668MB] L=0.0178  D=0.0169  PSNR=17.71  R=0.8055 bpp
saved checkpoints/sanity.pt (epoch 300, step 602)
saved checkpoints/sanity.pt (epoch 301, step 604)
saved checkpoints/sanity.pt (epoch 302, step 606)
saved checkpoints/sanity.pt (epoch 303, step 608)
saved checkpoints/sanity.pt (epoch 304, step 610)
saved checkpoints/sanity.pt (epoch 305, step 612)
saved checkpoints/sanity.pt (epoch 306, step 614)
saved checkpoints/sanity.pt (epoch 307, step 616)
saved checkpoints/sanity.pt (epoch 308, step 618)
saved checkpoints/sanity.pt (epoch 309, step 620)
saved checkpoints/sanity.pt (epoch 310, step 622)
saved checkpoints/sanity.pt (epoch 311, step 624)
[ep 312 step   625 t=    230s vram= 1668MB] L=0.0187  D=0.0179  PSNR=17.48  R=0.7800 bpp
saved checkpoints/sanity.pt (epoch 312, step 626)
saved checkpoints/sanity.pt (epoch 313, step 628)
saved checkpoints/sanity.pt (epoch 314, step 630)
saved checkpoints/sanity.pt (epoch 315, step 632)
saved checkpoints/sanity.pt (epoch 316, step 634)
saved checkpoints/sanity.pt (epoch 317, step 636)
saved checkpoints/sanity.pt (epoch 318, step 638)
saved checkpoints/sanity.pt (epoch 319, step 640)
saved checkpoints/sanity.pt (epoch 320, step 642)
saved checkpoints/sanity.pt (epoch 321, step 644)
saved checkpoints/sanity.pt (epoch 322, step 646)
saved checkpoints/sanity.pt (epoch 323, step 648)
saved checkpoints/sanity.pt (epoch 324, step 650)
[ep 325 step   650 t=    239s vram= 1668MB] L=0.0194  D=0.0187  PSNR=17.29  R=0.7723 bpp
saved checkpoints/sanity.pt (epoch 325, step 652)
saved checkpoints/sanity.pt (epoch 326, step 654)
saved checkpoints/sanity.pt (epoch 327, step 656)
saved checkpoints/sanity.pt (epoch 328, step 658)
saved checkpoints/sanity.pt (epoch 329, step 660)
saved checkpoints/sanity.pt (epoch 330, step 662)
saved checkpoints/sanity.pt (epoch 331, step 664)
saved checkpoints/sanity.pt (epoch 332, step 666)
saved checkpoints/sanity.pt (epoch 333, step 668)
saved checkpoints/sanity.pt (epoch 334, step 670)
saved checkpoints/sanity.pt (epoch 335, step 672)
saved checkpoints/sanity.pt (epoch 336, step 674)
[ep 337 step   675 t=    248s vram= 1668MB] L=0.0191  D=0.0184  PSNR=17.36  R=0.7843 bpp
saved checkpoints/sanity.pt (epoch 337, step 676)
saved checkpoints/sanity.pt (epoch 338, step 678)
saved checkpoints/sanity.pt (epoch 339, step 680)
saved checkpoints/sanity.pt (epoch 340, step 682)
saved checkpoints/sanity.pt (epoch 341, step 684)
saved checkpoints/sanity.pt (epoch 342, step 686)
saved checkpoints/sanity.pt (epoch 343, step 688)
saved checkpoints/sanity.pt (epoch 344, step 690)
saved checkpoints/sanity.pt (epoch 345, step 692)
saved checkpoints/sanity.pt (epoch 346, step 694)
saved checkpoints/sanity.pt (epoch 347, step 696)
saved checkpoints/sanity.pt (epoch 348, step 698)
saved checkpoints/sanity.pt (epoch 349, step 700)
[ep 350 step   700 t=    257s vram= 1668MB] L=0.0179  D=0.0171  PSNR=17.67  R=0.8238 bpp
saved checkpoints/sanity.pt (epoch 350, step 702)
saved checkpoints/sanity.pt (epoch 351, step 704)
saved checkpoints/sanity.pt (epoch 352, step 706)
saved checkpoints/sanity.pt (epoch 353, step 708)
saved checkpoints/sanity.pt (epoch 354, step 710)
saved checkpoints/sanity.pt (epoch 355, step 712)
saved checkpoints/sanity.pt (epoch 356, step 714)
saved checkpoints/sanity.pt (epoch 357, step 716)
saved checkpoints/sanity.pt (epoch 358, step 718)
saved checkpoints/sanity.pt (epoch 359, step 720)
saved checkpoints/sanity.pt (epoch 360, step 722)
saved checkpoints/sanity.pt (epoch 361, step 724)
[ep 362 step   725 t=    266s vram= 1668MB] L=0.0188  D=0.0180  PSNR=17.44  R=0.7596 bpp
saved checkpoints/sanity.pt (epoch 362, step 726)
saved checkpoints/sanity.pt (epoch 363, step 728)
saved checkpoints/sanity.pt (epoch 364, step 730)
saved checkpoints/sanity.pt (epoch 365, step 732)
saved checkpoints/sanity.pt (epoch 366, step 734)
saved checkpoints/sanity.pt (epoch 367, step 736)
saved checkpoints/sanity.pt (epoch 368, step 738)
saved checkpoints/sanity.pt (epoch 369, step 740)
saved checkpoints/sanity.pt (epoch 370, step 742)
saved checkpoints/sanity.pt (epoch 371, step 744)
saved checkpoints/sanity.pt (epoch 372, step 746)
saved checkpoints/sanity.pt (epoch 373, step 748)
saved checkpoints/sanity.pt (epoch 374, step 750)
[ep 375 step   750 t=    275s vram= 1668MB] L=0.0199  D=0.0192  PSNR=17.18  R=0.7655 bpp
saved checkpoints/sanity.pt (epoch 375, step 752)
saved checkpoints/sanity.pt (epoch 376, step 754)
saved checkpoints/sanity.pt (epoch 377, step 756)
saved checkpoints/sanity.pt (epoch 378, step 758)
saved checkpoints/sanity.pt (epoch 379, step 760)
saved checkpoints/sanity.pt (epoch 380, step 762)
saved checkpoints/sanity.pt (epoch 381, step 764)
saved checkpoints/sanity.pt (epoch 382, step 766)
saved checkpoints/sanity.pt (epoch 383, step 768)
saved checkpoints/sanity.pt (epoch 384, step 770)
saved checkpoints/sanity.pt (epoch 385, step 772)
saved checkpoints/sanity.pt (epoch 386, step 774)
[ep 387 step   775 t=    284s vram= 1668MB] L=0.0165  D=0.0158  PSNR=18.02  R=0.7154 bpp
saved checkpoints/sanity.pt (epoch 387, step 776)
saved checkpoints/sanity.pt (epoch 388, step 778)
saved checkpoints/sanity.pt (epoch 389, step 780)
saved checkpoints/sanity.pt (epoch 390, step 782)
saved checkpoints/sanity.pt (epoch 391, step 784)
saved checkpoints/sanity.pt (epoch 392, step 786)
saved checkpoints/sanity.pt (epoch 393, step 788)
saved checkpoints/sanity.pt (epoch 394, step 790)
saved checkpoints/sanity.pt (epoch 395, step 792)
saved checkpoints/sanity.pt (epoch 396, step 794)
saved checkpoints/sanity.pt (epoch 397, step 796)
saved checkpoints/sanity.pt (epoch 398, step 798)
saved checkpoints/sanity.pt (epoch 399, step 800)
[ep 400 step   800 t=    292s vram= 1668MB] L=0.0142  D=0.0135  PSNR=18.70  R=0.7274 bpp
saved checkpoints/sanity.pt (epoch 400, step 802)
saved checkpoints/sanity.pt (epoch 401, step 804)
saved checkpoints/sanity.pt (epoch 402, step 806)
saved checkpoints/sanity.pt (epoch 403, step 808)
saved checkpoints/sanity.pt (epoch 404, step 810)
saved checkpoints/sanity.pt (epoch 405, step 812)
saved checkpoints/sanity.pt (epoch 406, step 814)
saved checkpoints/sanity.pt (epoch 407, step 816)
saved checkpoints/sanity.pt (epoch 408, step 818)
saved checkpoints/sanity.pt (epoch 409, step 820)
saved checkpoints/sanity.pt (epoch 410, step 822)
saved checkpoints/sanity.pt (epoch 411, step 824)
[ep 412 step   825 t=    301s vram= 1668MB] L=0.0179  D=0.0172  PSNR=17.65  R=0.7252 bpp
saved checkpoints/sanity.pt (epoch 412, step 826)
saved checkpoints/sanity.pt (epoch 413, step 828)
saved checkpoints/sanity.pt (epoch 414, step 830)
saved checkpoints/sanity.pt (epoch 415, step 832)
saved checkpoints/sanity.pt (epoch 416, step 834)
saved checkpoints/sanity.pt (epoch 417, step 836)
saved checkpoints/sanity.pt (epoch 418, step 838)
saved checkpoints/sanity.pt (epoch 419, step 840)
saved checkpoints/sanity.pt (epoch 420, step 842)
saved checkpoints/sanity.pt (epoch 421, step 844)
saved checkpoints/sanity.pt (epoch 422, step 846)
saved checkpoints/sanity.pt (epoch 423, step 848)
saved checkpoints/sanity.pt (epoch 424, step 850)
[ep 425 step   850 t=    310s vram= 1668MB] L=0.0134  D=0.0126  PSNR=18.99  R=0.7571 bpp
saved checkpoints/sanity.pt (epoch 425, step 852)
saved checkpoints/sanity.pt (epoch 426, step 854)
saved checkpoints/sanity.pt (epoch 427, step 856)
saved checkpoints/sanity.pt (epoch 428, step 858)
saved checkpoints/sanity.pt (epoch 429, step 860)
saved checkpoints/sanity.pt (epoch 430, step 862)
saved checkpoints/sanity.pt (epoch 431, step 864)
saved checkpoints/sanity.pt (epoch 432, step 866)
saved checkpoints/sanity.pt (epoch 433, step 868)
saved checkpoints/sanity.pt (epoch 434, step 870)
saved checkpoints/sanity.pt (epoch 435, step 872)
saved checkpoints/sanity.pt (epoch 436, step 874)
[ep 437 step   875 t=    319s vram= 1668MB] L=0.0145  D=0.0138  PSNR=18.61  R=0.7011 bpp
saved checkpoints/sanity.pt (epoch 437, step 876)
saved checkpoints/sanity.pt (epoch 438, step 878)
saved checkpoints/sanity.pt (epoch 439, step 880)
saved checkpoints/sanity.pt (epoch 440, step 882)
saved checkpoints/sanity.pt (epoch 441, step 884)
saved checkpoints/sanity.pt (epoch 442, step 886)
saved checkpoints/sanity.pt (epoch 443, step 888)
saved checkpoints/sanity.pt (epoch 444, step 890)
saved checkpoints/sanity.pt (epoch 445, step 892)
saved checkpoints/sanity.pt (epoch 446, step 894)
saved checkpoints/sanity.pt (epoch 447, step 896)
saved checkpoints/sanity.pt (epoch 448, step 898)
saved checkpoints/sanity.pt (epoch 449, step 900)
[ep 450 step   900 t=    328s vram= 1668MB] L=0.0138  D=0.0132  PSNR=18.81  R=0.6979 bpp
saved checkpoints/sanity.pt (epoch 450, step 902)
saved checkpoints/sanity.pt (epoch 451, step 904)
saved checkpoints/sanity.pt (epoch 452, step 906)
saved checkpoints/sanity.pt (epoch 453, step 908)
saved checkpoints/sanity.pt (epoch 454, step 910)
saved checkpoints/sanity.pt (epoch 455, step 912)
saved checkpoints/sanity.pt (epoch 456, step 914)
saved checkpoints/sanity.pt (epoch 457, step 916)
saved checkpoints/sanity.pt (epoch 458, step 918)
saved checkpoints/sanity.pt (epoch 459, step 920)
saved checkpoints/sanity.pt (epoch 460, step 922)
saved checkpoints/sanity.pt (epoch 461, step 924)
[ep 462 step   925 t=    337s vram= 1668MB] L=0.0123  D=0.0116  PSNR=19.35  R=0.7304 bpp
saved checkpoints/sanity.pt (epoch 462, step 926)
saved checkpoints/sanity.pt (epoch 463, step 928)
saved checkpoints/sanity.pt (epoch 464, step 930)
saved checkpoints/sanity.pt (epoch 465, step 932)
saved checkpoints/sanity.pt (epoch 466, step 934)
saved checkpoints/sanity.pt (epoch 467, step 936)
saved checkpoints/sanity.pt (epoch 468, step 938)
saved checkpoints/sanity.pt (epoch 469, step 940)
saved checkpoints/sanity.pt (epoch 470, step 942)
saved checkpoints/sanity.pt (epoch 471, step 944)
saved checkpoints/sanity.pt (epoch 472, step 946)
saved checkpoints/sanity.pt (epoch 473, step 948)
saved checkpoints/sanity.pt (epoch 474, step 950)
[ep 475 step   950 t=    346s vram= 1668MB] L=0.0114  D=0.0107  PSNR=19.70  R=0.6768 bpp
saved checkpoints/sanity.pt (epoch 475, step 952)
saved checkpoints/sanity.pt (epoch 476, step 954)
saved checkpoints/sanity.pt (epoch 477, step 956)
saved checkpoints/sanity.pt (epoch 478, step 958)
saved checkpoints/sanity.pt (epoch 479, step 960)
saved checkpoints/sanity.pt (epoch 480, step 962)
saved checkpoints/sanity.pt (epoch 481, step 964)
saved checkpoints/sanity.pt (epoch 482, step 966)
saved checkpoints/sanity.pt (epoch 483, step 968)
saved checkpoints/sanity.pt (epoch 484, step 970)
saved checkpoints/sanity.pt (epoch 485, step 972)
saved checkpoints/sanity.pt (epoch 486, step 974)
[ep 487 step   975 t=    355s vram= 1668MB] L=0.0126  D=0.0119  PSNR=19.26  R=0.7161 bpp
saved checkpoints/sanity.pt (epoch 487, step 976)
saved checkpoints/sanity.pt (epoch 488, step 978)
saved checkpoints/sanity.pt (epoch 489, step 980)
saved checkpoints/sanity.pt (epoch 490, step 982)
saved checkpoints/sanity.pt (epoch 491, step 984)
saved checkpoints/sanity.pt (epoch 492, step 986)
saved checkpoints/sanity.pt (epoch 493, step 988)
saved checkpoints/sanity.pt (epoch 494, step 990)
saved checkpoints/sanity.pt (epoch 495, step 992)
saved checkpoints/sanity.pt (epoch 496, step 994)
saved checkpoints/sanity.pt (epoch 497, step 996)
saved checkpoints/sanity.pt (epoch 498, step 998)
saved checkpoints/sanity.pt (epoch 499, step 1000)
[ep 500 step  1000 t=    364s vram= 1668MB] L=0.0129  D=0.0122  PSNR=19.13  R=0.7133 bpp
saved checkpoints/sanity.pt (epoch 500, step 1002)
saved checkpoints/sanity.pt (epoch 501, step 1004)
saved checkpoints/sanity.pt (epoch 502, step 1006)
saved checkpoints/sanity.pt (epoch 503, step 1008)
saved checkpoints/sanity.pt (epoch 504, step 1010)
saved checkpoints/sanity.pt (epoch 505, step 1012)
saved checkpoints/sanity.pt (epoch 506, step 1014)
saved checkpoints/sanity.pt (epoch 507, step 1016)
saved checkpoints/sanity.pt (epoch 508, step 1018)
saved checkpoints/sanity.pt (epoch 509, step 1020)
saved checkpoints/sanity.pt (epoch 510, step 1022)
saved checkpoints/sanity.pt (epoch 511, step 1024)
[ep 512 step  1025 t=    373s vram= 1668MB] L=0.0140  D=0.0133  PSNR=18.75  R=0.7129 bpp
saved checkpoints/sanity.pt (epoch 512, step 1026)
saved checkpoints/sanity.pt (epoch 513, step 1028)
saved checkpoints/sanity.pt (epoch 514, step 1030)
saved checkpoints/sanity.pt (epoch 515, step 1032)
saved checkpoints/sanity.pt (epoch 516, step 1034)
saved checkpoints/sanity.pt (epoch 517, step 1036)
saved checkpoints/sanity.pt (epoch 518, step 1038)
saved checkpoints/sanity.pt (epoch 519, step 1040)
saved checkpoints/sanity.pt (epoch 520, step 1042)
saved checkpoints/sanity.pt (epoch 521, step 1044)
saved checkpoints/sanity.pt (epoch 522, step 1046)
saved checkpoints/sanity.pt (epoch 523, step 1048)
saved checkpoints/sanity.pt (epoch 524, step 1050)
[ep 525 step  1050 t=    382s vram= 1668MB] L=0.0149  D=0.0142  PSNR=18.47  R=0.7105 bpp
saved checkpoints/sanity.pt (epoch 525, step 1052)
saved checkpoints/sanity.pt (epoch 526, step 1054)
saved checkpoints/sanity.pt (epoch 527, step 1056)
saved checkpoints/sanity.pt (epoch 528, step 1058)
saved checkpoints/sanity.pt (epoch 529, step 1060)
saved checkpoints/sanity.pt (epoch 530, step 1062)
saved checkpoints/sanity.pt (epoch 531, step 1064)
saved checkpoints/sanity.pt (epoch 532, step 1066)
saved checkpoints/sanity.pt (epoch 533, step 1068)
saved checkpoints/sanity.pt (epoch 534, step 1070)
saved checkpoints/sanity.pt (epoch 535, step 1072)
saved checkpoints/sanity.pt (epoch 536, step 1074)
[ep 537 step  1075 t=    391s vram= 1668MB] L=0.0119  D=0.0112  PSNR=19.49  R=0.6682 bpp
saved checkpoints/sanity.pt (epoch 537, step 1076)
saved checkpoints/sanity.pt (epoch 538, step 1078)
saved checkpoints/sanity.pt (epoch 539, step 1080)
saved checkpoints/sanity.pt (epoch 540, step 1082)
saved checkpoints/sanity.pt (epoch 541, step 1084)
saved checkpoints/sanity.pt (epoch 542, step 1086)
saved checkpoints/sanity.pt (epoch 543, step 1088)
saved checkpoints/sanity.pt (epoch 544, step 1090)
saved checkpoints/sanity.pt (epoch 545, step 1092)
saved checkpoints/sanity.pt (epoch 546, step 1094)
saved checkpoints/sanity.pt (epoch 547, step 1096)
saved checkpoints/sanity.pt (epoch 548, step 1098)
saved checkpoints/sanity.pt (epoch 549, step 1100)
[ep 550 step  1100 t=    400s vram= 1668MB] L=0.0117  D=0.0110  PSNR=19.58  R=0.6850 bpp
saved checkpoints/sanity.pt (epoch 550, step 1102)
saved checkpoints/sanity.pt (epoch 551, step 1104)
saved checkpoints/sanity.pt (epoch 552, step 1106)
saved checkpoints/sanity.pt (epoch 553, step 1108)
saved checkpoints/sanity.pt (epoch 554, step 1110)
saved checkpoints/sanity.pt (epoch 555, step 1112)
saved checkpoints/sanity.pt (epoch 556, step 1114)
saved checkpoints/sanity.pt (epoch 557, step 1116)
saved checkpoints/sanity.pt (epoch 558, step 1118)
saved checkpoints/sanity.pt (epoch 559, step 1120)
saved checkpoints/sanity.pt (epoch 560, step 1122)
saved checkpoints/sanity.pt (epoch 561, step 1124)
[ep 562 step  1125 t=    408s vram= 1668MB] L=0.0118  D=0.0111  PSNR=19.53  R=0.6752 bpp
saved checkpoints/sanity.pt (epoch 562, step 1126)
saved checkpoints/sanity.pt (epoch 563, step 1128)
saved checkpoints/sanity.pt (epoch 564, step 1130)
saved checkpoints/sanity.pt (epoch 565, step 1132)
saved checkpoints/sanity.pt (epoch 566, step 1134)
saved checkpoints/sanity.pt (epoch 567, step 1136)
saved checkpoints/sanity.pt (epoch 568, step 1138)
saved checkpoints/sanity.pt (epoch 569, step 1140)
saved checkpoints/sanity.pt (epoch 570, step 1142)
saved checkpoints/sanity.pt (epoch 571, step 1144)
saved checkpoints/sanity.pt (epoch 572, step 1146)
saved checkpoints/sanity.pt (epoch 573, step 1148)
saved checkpoints/sanity.pt (epoch 574, step 1150)
[ep 575 step  1150 t=    417s vram= 1668MB] L=0.0097  D=0.0090  PSNR=20.45  R=0.6662 bpp
saved checkpoints/sanity.pt (epoch 575, step 1152)
saved checkpoints/sanity.pt (epoch 576, step 1154)
saved checkpoints/sanity.pt (epoch 577, step 1156)
saved checkpoints/sanity.pt (epoch 578, step 1158)
saved checkpoints/sanity.pt (epoch 579, step 1160)
saved checkpoints/sanity.pt (epoch 580, step 1162)
saved checkpoints/sanity.pt (epoch 581, step 1164)
saved checkpoints/sanity.pt (epoch 582, step 1166)
saved checkpoints/sanity.pt (epoch 583, step 1168)
saved checkpoints/sanity.pt (epoch 584, step 1170)
saved checkpoints/sanity.pt (epoch 585, step 1172)
saved checkpoints/sanity.pt (epoch 586, step 1174)
[ep 587 step  1175 t=    426s vram= 1668MB] L=0.0128  D=0.0121  PSNR=19.16  R=0.6612 bpp
saved checkpoints/sanity.pt (epoch 587, step 1176)
saved checkpoints/sanity.pt (epoch 588, step 1178)
saved checkpoints/sanity.pt (epoch 589, step 1180)
saved checkpoints/sanity.pt (epoch 590, step 1182)
saved checkpoints/sanity.pt (epoch 591, step 1184)
saved checkpoints/sanity.pt (epoch 592, step 1186)
saved checkpoints/sanity.pt (epoch 593, step 1188)
saved checkpoints/sanity.pt (epoch 594, step 1190)
saved checkpoints/sanity.pt (epoch 595, step 1192)
saved checkpoints/sanity.pt (epoch 596, step 1194)
saved checkpoints/sanity.pt (epoch 597, step 1196)
saved checkpoints/sanity.pt (epoch 598, step 1198)
saved checkpoints/sanity.pt (epoch 599, step 1200)
[ep 600 step  1200 t=    435s vram= 1668MB] L=0.0139  D=0.0132  PSNR=18.79  R=0.6759 bpp
saved checkpoints/sanity.pt (epoch 600, step 1202)
saved checkpoints/sanity.pt (epoch 601, step 1204)
saved checkpoints/sanity.pt (epoch 602, step 1206)
saved checkpoints/sanity.pt (epoch 603, step 1208)
saved checkpoints/sanity.pt (epoch 604, step 1210)
saved checkpoints/sanity.pt (epoch 605, step 1212)
saved checkpoints/sanity.pt (epoch 606, step 1214)
saved checkpoints/sanity.pt (epoch 607, step 1216)
saved checkpoints/sanity.pt (epoch 608, step 1218)
saved checkpoints/sanity.pt (epoch 609, step 1220)
saved checkpoints/sanity.pt (epoch 610, step 1222)
saved checkpoints/sanity.pt (epoch 611, step 1224)
[ep 612 step  1225 t=    444s vram= 1668MB] L=0.0133  D=0.0126  PSNR=18.99  R=0.6546 bpp
saved checkpoints/sanity.pt (epoch 612, step 1226)
saved checkpoints/sanity.pt (epoch 613, step 1228)
saved checkpoints/sanity.pt (epoch 614, step 1230)
saved checkpoints/sanity.pt (epoch 615, step 1232)
saved checkpoints/sanity.pt (epoch 616, step 1234)
saved checkpoints/sanity.pt (epoch 617, step 1236)
saved checkpoints/sanity.pt (epoch 618, step 1238)
saved checkpoints/sanity.pt (epoch 619, step 1240)
saved checkpoints/sanity.pt (epoch 620, step 1242)
saved checkpoints/sanity.pt (epoch 621, step 1244)
saved checkpoints/sanity.pt (epoch 622, step 1246)
saved checkpoints/sanity.pt (epoch 623, step 1248)
saved checkpoints/sanity.pt (epoch 624, step 1250)
[ep 625 step  1250 t=    453s vram= 1668MB] L=0.0105  D=0.0099  PSNR=20.06  R=0.6182 bpp
saved checkpoints/sanity.pt (epoch 625, step 1252)
saved checkpoints/sanity.pt (epoch 626, step 1254)
saved checkpoints/sanity.pt (epoch 627, step 1256)
saved checkpoints/sanity.pt (epoch 628, step 1258)
saved checkpoints/sanity.pt (epoch 629, step 1260)
saved checkpoints/sanity.pt (epoch 630, step 1262)
saved checkpoints/sanity.pt (epoch 631, step 1264)
saved checkpoints/sanity.pt (epoch 632, step 1266)
saved checkpoints/sanity.pt (epoch 633, step 1268)
saved checkpoints/sanity.pt (epoch 634, step 1270)
saved checkpoints/sanity.pt (epoch 635, step 1272)
saved checkpoints/sanity.pt (epoch 636, step 1274)
[ep 637 step  1275 t=    462s vram= 1668MB] L=0.0111  D=0.0105  PSNR=19.80  R=0.6652 bpp
saved checkpoints/sanity.pt (epoch 637, step 1276)
saved checkpoints/sanity.pt (epoch 638, step 1278)
saved checkpoints/sanity.pt (epoch 639, step 1280)
saved checkpoints/sanity.pt (epoch 640, step 1282)
saved checkpoints/sanity.pt (epoch 641, step 1284)
saved checkpoints/sanity.pt (epoch 642, step 1286)
saved checkpoints/sanity.pt (epoch 643, step 1288)
saved checkpoints/sanity.pt (epoch 644, step 1290)
saved checkpoints/sanity.pt (epoch 645, step 1292)
saved checkpoints/sanity.pt (epoch 646, step 1294)
saved checkpoints/sanity.pt (epoch 647, step 1296)
saved checkpoints/sanity.pt (epoch 648, step 1298)
saved checkpoints/sanity.pt (epoch 649, step 1300)
[ep 650 step  1300 t=    471s vram= 1668MB] L=0.0113  D=0.0107  PSNR=19.71  R=0.6086 bpp
saved checkpoints/sanity.pt (epoch 650, step 1302)
saved checkpoints/sanity.pt (epoch 651, step 1304)
saved checkpoints/sanity.pt (epoch 652, step 1306)
saved checkpoints/sanity.pt (epoch 653, step 1308)
saved checkpoints/sanity.pt (epoch 654, step 1310)
saved checkpoints/sanity.pt (epoch 655, step 1312)
saved checkpoints/sanity.pt (epoch 656, step 1314)
saved checkpoints/sanity.pt (epoch 657, step 1316)
saved checkpoints/sanity.pt (epoch 658, step 1318)
saved checkpoints/sanity.pt (epoch 659, step 1320)
saved checkpoints/sanity.pt (epoch 660, step 1322)
saved checkpoints/sanity.pt (epoch 661, step 1324)
[ep 662 step  1325 t=    480s vram= 1668MB] L=0.0114  D=0.0108  PSNR=19.67  R=0.6385 bpp
saved checkpoints/sanity.pt (epoch 662, step 1326)
saved checkpoints/sanity.pt (epoch 663, step 1328)
saved checkpoints/sanity.pt (epoch 664, step 1330)
saved checkpoints/sanity.pt (epoch 665, step 1332)
saved checkpoints/sanity.pt (epoch 666, step 1334)
saved checkpoints/sanity.pt (epoch 667, step 1336)
saved checkpoints/sanity.pt (epoch 668, step 1338)
saved checkpoints/sanity.pt (epoch 669, step 1340)
saved checkpoints/sanity.pt (epoch 670, step 1342)
saved checkpoints/sanity.pt (epoch 671, step 1344)
saved checkpoints/sanity.pt (epoch 672, step 1346)
saved checkpoints/sanity.pt (epoch 673, step 1348)
saved checkpoints/sanity.pt (epoch 674, step 1350)
[ep 675 step  1350 t=    489s vram= 1668MB] L=0.0123  D=0.0117  PSNR=19.31  R=0.6097 bpp
saved checkpoints/sanity.pt (epoch 675, step 1352)
saved checkpoints/sanity.pt (epoch 676, step 1354)
saved checkpoints/sanity.pt (epoch 677, step 1356)
saved checkpoints/sanity.pt (epoch 678, step 1358)
saved checkpoints/sanity.pt (epoch 679, step 1360)
saved checkpoints/sanity.pt (epoch 680, step 1362)
saved checkpoints/sanity.pt (epoch 681, step 1364)
saved checkpoints/sanity.pt (epoch 682, step 1366)
saved checkpoints/sanity.pt (epoch 683, step 1368)
saved checkpoints/sanity.pt (epoch 684, step 1370)
saved checkpoints/sanity.pt (epoch 685, step 1372)
saved checkpoints/sanity.pt (epoch 686, step 1374)
[ep 687 step  1375 t=    497s vram= 1668MB] L=0.0112  D=0.0106  PSNR=19.76  R=0.5989 bpp
saved checkpoints/sanity.pt (epoch 687, step 1376)
saved checkpoints/sanity.pt (epoch 688, step 1378)
saved checkpoints/sanity.pt (epoch 689, step 1380)
saved checkpoints/sanity.pt (epoch 690, step 1382)
saved checkpoints/sanity.pt (epoch 691, step 1384)
saved checkpoints/sanity.pt (epoch 692, step 1386)
saved checkpoints/sanity.pt (epoch 693, step 1388)
saved checkpoints/sanity.pt (epoch 694, step 1390)
saved checkpoints/sanity.pt (epoch 695, step 1392)
saved checkpoints/sanity.pt (epoch 696, step 1394)
saved checkpoints/sanity.pt (epoch 697, step 1396)
saved checkpoints/sanity.pt (epoch 698, step 1398)
saved checkpoints/sanity.pt (epoch 699, step 1400)
[ep 700 step  1400 t=    506s vram= 1668MB] L=0.0093  D=0.0086  PSNR=20.64  R=0.6195 bpp
saved checkpoints/sanity.pt (epoch 700, step 1402)
saved checkpoints/sanity.pt (epoch 701, step 1404)
saved checkpoints/sanity.pt (epoch 702, step 1406)
saved checkpoints/sanity.pt (epoch 703, step 1408)
saved checkpoints/sanity.pt (epoch 704, step 1410)
saved checkpoints/sanity.pt (epoch 705, step 1412)
saved checkpoints/sanity.pt (epoch 706, step 1414)
saved checkpoints/sanity.pt (epoch 707, step 1416)
saved checkpoints/sanity.pt (epoch 708, step 1418)
saved checkpoints/sanity.pt (epoch 709, step 1420)
saved checkpoints/sanity.pt (epoch 710, step 1422)
saved checkpoints/sanity.pt (epoch 711, step 1424)
[ep 712 step  1425 t=    515s vram= 1668MB] L=0.0118  D=0.0111  PSNR=19.53  R=0.6187 bpp
saved checkpoints/sanity.pt (epoch 712, step 1426)
saved checkpoints/sanity.pt (epoch 713, step 1428)
saved checkpoints/sanity.pt (epoch 714, step 1430)
saved checkpoints/sanity.pt (epoch 715, step 1432)
saved checkpoints/sanity.pt (epoch 716, step 1434)
saved checkpoints/sanity.pt (epoch 717, step 1436)
saved checkpoints/sanity.pt (epoch 718, step 1438)
saved checkpoints/sanity.pt (epoch 719, step 1440)
saved checkpoints/sanity.pt (epoch 720, step 1442)
saved checkpoints/sanity.pt (epoch 721, step 1444)
saved checkpoints/sanity.pt (epoch 722, step 1446)
saved checkpoints/sanity.pt (epoch 723, step 1448)
saved checkpoints/sanity.pt (epoch 724, step 1450)
[ep 725 step  1450 t=    524s vram= 1668MB] L=0.0113  D=0.0107  PSNR=19.72  R=0.5968 bpp
saved checkpoints/sanity.pt (epoch 725, step 1452)
saved checkpoints/sanity.pt (epoch 726, step 1454)
saved checkpoints/sanity.pt (epoch 727, step 1456)
saved checkpoints/sanity.pt (epoch 728, step 1458)
saved checkpoints/sanity.pt (epoch 729, step 1460)
saved checkpoints/sanity.pt (epoch 730, step 1462)
saved checkpoints/sanity.pt (epoch 731, step 1464)
saved checkpoints/sanity.pt (epoch 732, step 1466)
saved checkpoints/sanity.pt (epoch 733, step 1468)
saved checkpoints/sanity.pt (epoch 734, step 1470)
saved checkpoints/sanity.pt (epoch 735, step 1472)
saved checkpoints/sanity.pt (epoch 736, step 1474)
[ep 737 step  1475 t=    533s vram= 1668MB] L=0.0108  D=0.0102  PSNR=19.91  R=0.6047 bpp
saved checkpoints/sanity.pt (epoch 737, step 1476)
saved checkpoints/sanity.pt (epoch 738, step 1478)
saved checkpoints/sanity.pt (epoch 739, step 1480)
saved checkpoints/sanity.pt (epoch 740, step 1482)
saved checkpoints/sanity.pt (epoch 741, step 1484)
saved checkpoints/sanity.pt (epoch 742, step 1486)
saved checkpoints/sanity.pt (epoch 743, step 1488)
saved checkpoints/sanity.pt (epoch 744, step 1490)
saved checkpoints/sanity.pt (epoch 745, step 1492)
saved checkpoints/sanity.pt (epoch 746, step 1494)
saved checkpoints/sanity.pt (epoch 747, step 1496)
saved checkpoints/sanity.pt (epoch 748, step 1498)
saved checkpoints/sanity.pt (epoch 749, step 1500)
