[ep 0 step     0 t=      5s vram= 5790MB] L=0.3462  D=0.3404  PSNR= 4.68  R=0.4500 bpp
[ep 0 step    20 t=     43s vram= 5904MB] L=0.1200  D=0.1129  PSNR= 9.47  R=0.5510 bpp
[ep 0 step    40 t=     81s vram= 5904MB] L=0.1107  D=0.1049  PSNR= 9.79  R=0.4470 bpp
[ep 0 step    60 t=    118s vram= 5904MB] L=0.1212  D=0.1158  PSNR= 9.36  R=0.4192 bpp
[ep 0 step    80 t=    157s vram= 5904MB] L=0.1042  D=0.0989  PSNR=10.05  R=0.4073 bpp
[ep 0 step   100 t=    195s vram= 5904MB] L=0.1136  D=0.1084  PSNR= 9.65  R=0.4008 bpp
[ep 0 step   120 t=    233s vram= 5904MB] L=0.1093  D=0.1043  PSNR= 9.82  R=0.3858 bpp
[ep 0 step   140 t=    270s vram= 5904MB] L=0.0912  D=0.0863  PSNR=10.64  R=0.3754 bpp
[ep 0 step   160 t=    308s vram= 5904MB] L=0.0957  D=0.0910  PSNR=10.41  R=0.3655 bpp
[ep 0 step   180 t=    345s vram= 5904MB] L=0.2934  D=0.2827  PSNR= 5.49  R=0.8200 bpp
[ep 0 step   200 t=    383s vram= 5904MB] L=0.4748  D=0.4597  PSNR= 3.38  R=1.1658 bpp
[ep 0 step   220 t=    420s vram= 5904MB] L=0.4554  D=0.4479  PSNR= 3.49  R=0.5745 bpp
[ep 0 step   240 t=    458s vram= 5904MB] L=0.4715  D=0.4642  PSNR= 3.33  R=0.5617 bpp
saved checkpoints/base.pt (epoch 0, step 256)
[ep 1 step   260 t=    500s vram= 5904MB] L=0.4546  D=0.4490  PSNR= 3.48  R=0.4334 bpp
[ep 1 step   280 t=    538s vram= 5904MB] L=0.4669  D=0.4619  PSNR= 3.35  R=0.3811 bpp
[ep 1 step   300 t=    576s vram= 5904MB] L=0.4826  D=0.4781  PSNR= 3.21  R=0.3503 bpp
[ep 1 step   320 t=    613s vram= 5904MB] L=0.4394  D=0.4345  PSNR= 3.62  R=0.3811 bpp
[ep 1 step   340 t=    651s vram= 5904MB] L=0.4577  D=0.4485  PSNR= 3.48  R=0.7099 bpp
[ep 1 step   360 t=    688s vram= 5904MB] L=0.4783  D=0.4732  PSNR= 3.25  R=0.3934 bpp
[ep 1 step   380 t=    726s vram= 5904MB] L=0.4835  D=0.4792  PSNR= 3.19  R=0.3302 bpp
[ep 1 step   400 t=    764s vram= 5904MB] L=0.4489  D=0.4450  PSNR= 3.52  R=0.3026 bpp
[ep 1 step   420 t=    801s vram= 5904MB] L=0.4826  D=0.4788  PSNR= 3.20  R=0.2931 bpp
[ep 1 step   440 t=    839s vram= 5904MB] L=0.4585  D=0.4549  PSNR= 3.42  R=0.2810 bpp
[ep 1 step   460 t=    876s vram= 5904MB] L=0.4584  D=0.4549  PSNR= 3.42  R=0.2670 bpp
[ep 1 step   480 t=    914s vram= 5904MB] L=0.4594  D=0.4560  PSNR= 3.41  R=0.2648 bpp
[ep 1 step   500 t=    951s vram= 5904MB] L=0.4912  D=0.4878  PSNR= 3.12  R=0.2601 bpp
saved checkpoints/base.pt (epoch 1, step 512)
[ep 2 step   520 t=    992s vram= 5904MB] L=0.4744  D=0.4711  PSNR= 3.27  R=0.2516 bpp
[ep 2 step   540 t=   1030s vram= 5904MB] L=0.4644  D=0.4612  PSNR= 3.36  R=0.2499 bpp
[ep 2 step   560 t=   1067s vram= 5904MB] L=0.4565  D=0.4533  PSNR= 3.44  R=0.2446 bpp
[ep 2 step   580 t=   1105s vram= 5904MB] L=0.4383  D=0.4351  PSNR= 3.61  R=0.2423 bpp
[ep 2 step   600 t=   1142s vram= 5904MB] L=0.4690  D=0.4657  PSNR= 3.32  R=0.2490 bpp
[ep 2 step   620 t=   1180s vram= 5904MB] L=0.4564  D=0.4531  PSNR= 3.44  R=0.2550 bpp
[ep 2 step   640 t=   1218s vram= 5904MB] L=0.4868  D=0.4836  PSNR= 3.15  R=0.2431 bpp
[ep 2 step   660 t=   1255s vram= 5904MB] L=0.4739  D=0.4667  PSNR= 3.31  R=0.5525 bpp
[ep 2 step   680 t=   1293s vram= 5904MB] L=0.5108  D=0.5042  PSNR= 2.97  R=0.5074 bpp
[ep 2 step   700 t=   1330s vram= 5904MB] L=0.4515  D=0.4473  PSNR= 3.49  R=0.3238 bpp
[ep 2 step   720 t=   1368s vram= 5904MB] L=0.4984  D=0.4935  PSNR= 3.07  R=0.3750 bpp
[ep 2 step   740 t=   1406s vram= 5904MB] L=0.4419  D=0.4376  PSNR= 3.59  R=0.3331 bpp
[ep 2 step   760 t=   1443s vram= 5904MB] L=0.4711  D=0.4669  PSNR= 3.31  R=0.3237 bpp
saved checkpoints/base.pt (epoch 2, step 768)
[ep 3 step   780 t=   1484s vram= 5904MB] L=0.4792  D=0.4757  PSNR= 3.23  R=0.2679 bpp
[ep 3 step   800 t=   1522s vram= 5904MB] L=0.4613  D=0.4575  PSNR= 3.40  R=0.2901 bpp
[ep 3 step   820 t=   1559s vram= 5904MB] L=0.4457  D=0.4418  PSNR= 3.55  R=0.2992 bpp
[ep 3 step   840 t=   1597s vram= 5904MB] L=0.4777  D=0.4739  PSNR= 3.24  R=0.2912 bpp
[ep 3 step   860 t=   1634s vram= 5904MB] L=0.4861  D=0.4815  PSNR= 3.17  R=0.3522 bpp
[ep 3 step   880 t=   1672s vram= 5904MB] L=0.4350  D=0.4302  PSNR= 3.66  R=0.3720 bpp
[ep 3 step   900 t=   1709s vram= 5904MB] L=0.4840  D=0.4791  PSNR= 3.20  R=0.3763 bpp
[ep 3 step   920 t=   1747s vram= 5904MB] L=0.4990  D=0.4458  PSNR= 3.51  R=4.0928 bpp
[ep 3 step   940 t=   1785s vram= 5904MB] L=0.5311  D=0.4333  PSNR= 3.63  R=7.5216 bpp
[ep 3 step   960 t=   1822s vram= 5904MB] L=0.4917  D=0.4347  PSNR= 3.62  R=4.3872 bpp
[ep 3 step   980 t=   1860s vram= 5904MB] L=0.5061  D=0.4419  PSNR= 3.55  R=4.9401 bpp
[ep 3 step  1000 t=   1897s vram= 5904MB] L=0.4650  D=0.4370  PSNR= 3.60  R=2.1532 bpp
[ep 3 step  1020 t=   1935s vram= 5904MB] L=0.4651  D=0.4515  PSNR= 3.45  R=1.0450 bpp
saved checkpoints/base.pt (epoch 3, step 1024)
[ep 4 step  1040 t=   1976s vram= 5904MB] L=0.4710  D=0.4602  PSNR= 3.37  R=0.8308 bpp
[ep 4 step  1060 t=   2013s vram= 5904MB] L=0.4401  D=0.4281  PSNR= 3.68  R=0.9259 bpp
[ep 4 step  1080 t=   2051s vram= 5904MB] L=0.4243  D=0.4124  PSNR= 3.85  R=0.9124 bpp
[ep 4 step  1100 t=   2089s vram= 5904MB] L=0.4636  D=0.4535  PSNR= 3.43  R=0.7717 bpp
[ep 4 step  1120 t=   2126s vram= 5904MB] L=0.4546  D=0.4454  PSNR= 3.51  R=0.7077 bpp
[ep 4 step  1140 t=   2164s vram= 5904MB] L=0.4374  D=0.4238  PSNR= 3.73  R=1.0527 bpp
[ep 4 step  1160 t=   2201s vram= 5904MB] L=0.4653  D=0.4278  PSNR= 3.69  R=2.8793 bpp
[ep 4 step  1180 t=   2239s vram= 5904MB] L=0.4429  D=0.4246  PSNR= 3.72  R=1.4074 bpp
[ep 4 step  1200 t=   2276s vram= 5904MB] L=0.4920  D=0.4654  PSNR= 3.32  R=2.0475 bpp
[ep 4 step  1220 t=   2314s vram= 5904MB] L=0.4659  D=0.4562  PSNR= 3.41  R=0.7425 bpp
[ep 4 step  1240 t=   2352s vram= 5904MB] L=0.4549  D=0.4470  PSNR= 3.50  R=0.6103 bpp
[ep 4 step  1260 t=   2389s vram= 5904MB] L=0.4220  D=0.4134  PSNR= 3.84  R=0.6572 bpp
saved checkpoints/base.pt (epoch 4, step 1280)
[ep 5 step  1280 t=   2430s vram= 5904MB] L=0.4433  D=0.4353  PSNR= 3.61  R=0.6195 bpp
[ep 5 step  1300 t=   2468s vram= 5904MB] L=0.4267  D=0.4176  PSNR= 3.79  R=0.7012 bpp
[ep 5 step  1320 t=   2505s vram= 5904MB] L=0.4282  D=0.4198  PSNR= 3.77  R=0.6491 bpp
[ep 5 step  1340 t=   2543s vram= 5904MB] L=0.4298  D=0.4213  PSNR= 3.75  R=0.6531 bpp
[ep 5 step  1360 t=   2580s vram= 5904MB] L=0.4639  D=0.4569  PSNR= 3.40  R=0.5313 bpp
[ep 5 step  1380 t=   2618s vram= 5904MB] L=0.4358  D=0.4296  PSNR= 3.67  R=0.4781 bpp
[ep 5 step  1400 t=   2656s vram= 5904MB] L=0.4599  D=0.4521  PSNR= 3.45  R=0.6020 bpp
[ep 5 step  1420 t=   2693s vram= 5904MB] L=0.4400  D=0.4330  PSNR= 3.64  R=0.5396 bpp
[ep 5 step  1440 t=   2731s vram= 5904MB] L=0.4744  D=0.4678  PSNR= 3.30  R=0.5036 bpp
[ep 5 step  1460 t=   2769s vram= 5904MB] L=0.4290  D=0.4226  PSNR= 3.74  R=0.4886 bpp
[ep 5 step  1480 t=   2806s vram= 5904MB] L=0.4353  D=0.4260  PSNR= 3.71  R=0.7165 bpp
[ep 5 step  1500 t=   2844s vram= 5904MB] L=0.4438  D=0.4357  PSNR= 3.61  R=0.6206 bpp
[ep 5 step  1520 t=   2881s vram= 5904MB] L=0.4563  D=0.4471  PSNR= 3.50  R=0.7103 bpp
saved checkpoints/base.pt (epoch 5, step 1536)
[ep 6 step  1540 t=   2922s vram= 5904MB] L=0.4479  D=0.4410  PSNR= 3.56  R=0.5313 bpp
[ep 6 step  1560 t=   2960s vram= 5904MB] L=0.4408  D=0.4343  PSNR= 3.62  R=0.4970 bpp
[ep 6 step  1580 t=   2998s vram= 5904MB] L=0.4452  D=0.4382  PSNR= 3.58  R=0.5434 bpp
[ep 6 step  1600 t=   3035s vram= 5904MB] L=0.4491  D=0.4432  PSNR= 3.53  R=0.4540 bpp
[ep 6 step  1620 t=   3073s vram= 5904MB] L=0.4519  D=0.4462  PSNR= 3.50  R=0.4351 bpp
[ep 6 step  1640 t=   3111s vram= 5904MB] L=0.4539  D=0.4476  PSNR= 3.49  R=0.4875 bpp
[ep 6 step  1660 t=   3148s vram= 5904MB] L=0.4489  D=0.4414  PSNR= 3.55  R=0.5786 bpp
[ep 6 step  1680 t=   3186s vram= 5904MB] L=0.4355  D=0.4298  PSNR= 3.67  R=0.4387 bpp
[ep 6 step  1700 t=   3224s vram= 5904MB] L=0.4501  D=0.4439  PSNR= 3.53  R=0.4740 bpp
[ep 6 step  1720 t=   3261s vram= 5904MB] L=0.4131  D=0.4067  PSNR= 3.91  R=0.4888 bpp
[ep 6 step  1740 t=   3299s vram= 5904MB] L=0.4284  D=0.4219  PSNR= 3.75  R=0.5043 bpp
[ep 6 step  1760 t=   3336s vram= 5904MB] L=0.4409  D=0.4349  PSNR= 3.62  R=0.4648 bpp
[ep 6 step  1780 t=   3374s vram= 5904MB] L=0.4398  D=0.4340  PSNR= 3.63  R=0.4488 bpp
saved checkpoints/base.pt (epoch 6, step 1792)
[ep 7 step  1800 t=   3415s vram= 5904MB] L=0.4209  D=0.4157  PSNR= 3.81  R=0.4039 bpp
[ep 7 step  1820 t=   3453s vram= 5904MB] L=0.4384  D=0.4320  PSNR= 3.64  R=0.4897 bpp
[ep 7 step  1840 t=   3490s vram= 5904MB] L=0.4299  D=0.4244  PSNR= 3.72  R=0.4257 bpp
[ep 7 step  1860 t=   3528s vram= 5904MB] L=0.4589  D=0.4541  PSNR= 3.43  R=0.3736 bpp
[ep 7 step  1880 t=   3566s vram= 5904MB] L=0.4354  D=0.4308  PSNR= 3.66  R=0.3483 bpp
[ep 7 step  1900 t=   3603s vram= 5904MB] L=0.4742  D=0.4689  PSNR= 3.29  R=0.4055 bpp
[ep 7 step  1920 t=   3641s vram= 5904MB] L=0.4222  D=0.4157  PSNR= 3.81  R=0.5020 bpp
[ep 7 step  1940 t=   3679s vram= 5904MB] L=0.4397  D=0.4341  PSNR= 3.62  R=0.4312 bpp
[ep 7 step  1960 t=   3716s vram= 5904MB] L=0.4501  D=0.4445  PSNR= 3.52  R=0.4336 bpp
[ep 7 step  1980 t=   3754s vram= 5904MB] L=0.4340  D=0.4280  PSNR= 3.69  R=0.4591 bpp
[ep 7 step  2000 t=   3792s vram= 5904MB] L=0.4556  D=0.4493  PSNR= 3.47  R=0.4820 bpp
[ep 7 step  2020 t=   3829s vram= 5904MB] L=0.4498  D=0.4447  PSNR= 3.52  R=0.3875 bpp
[ep 7 step  2040 t=   3867s vram= 5904MB] L=0.4565  D=0.4512  PSNR= 3.46  R=0.4098 bpp
saved checkpoints/base.pt (epoch 7, step 2048)
[ep 8 step  2060 t=   3908s vram= 5904MB] L=0.4505  D=0.4451  PSNR= 3.51  R=0.4115 bpp
[ep 8 step  2080 t=   3946s vram= 5904MB] L=0.4537  D=0.4488  PSNR= 3.48  R=0.3753 bpp
[ep 8 step  2100 t=   3983s vram= 5904MB] L=0.4251  D=0.4202  PSNR= 3.77  R=0.3783 bpp
[ep 8 step  2120 t=   4021s vram= 5904MB] L=0.4605  D=0.4559  PSNR= 3.41  R=0.3555 bpp
[ep 8 step  2140 t=   4059s vram= 5904MB] L=0.4426  D=0.4379  PSNR= 3.59  R=0.3623 bpp
[ep 8 step  2160 t=   4096s vram= 5904MB] L=0.4346  D=0.4290  PSNR= 3.68  R=0.4325 bpp
[ep 8 step  2180 t=   4134s vram= 5904MB] L=0.4418  D=0.4361  PSNR= 3.60  R=0.4393 bpp
[ep 8 step  2200 t=   4171s vram= 5904MB] L=0.4489  D=0.4428  PSNR= 3.54  R=0.4703 bpp
[ep 8 step  2220 t=   4209s vram= 5904MB] L=0.4508  D=0.4450  PSNR= 3.52  R=0.4459 bpp
[ep 8 step  2240 t=   4247s vram= 5904MB] L=0.4131  D=0.4075  PSNR= 3.90  R=0.4341 bpp
[ep 8 step  2260 t=   4284s vram= 5904MB] L=0.4344  D=0.4282  PSNR= 3.68  R=0.4766 bpp
[ep 8 step  2280 t=   4322s vram= 5904MB] L=0.4551  D=0.4499  PSNR= 3.47  R=0.4010 bpp
[ep 8 step  2300 t=   4360s vram= 5904MB] L=0.4331  D=0.4281  PSNR= 3.68  R=0.3829 bpp
saved checkpoints/base.pt (epoch 8, step 2304)
[ep 9 step  2320 t=   4401s vram= 5904MB] L=0.4490  D=0.4434  PSNR= 3.53  R=0.4267 bpp
[ep 9 step  2340 t=   4438s vram= 5904MB] L=0.4302  D=0.4255  PSNR= 3.71  R=0.3660 bpp
[ep 9 step  2360 t=   4476s vram= 5904MB] L=0.4451  D=0.4397  PSNR= 3.57  R=0.4115 bpp
[ep 9 step  2380 t=   4513s vram= 5904MB] L=0.4407  D=0.4231  PSNR= 3.74  R=1.3514 bpp
[ep 9 step  2400 t=   4551s vram= 5904MB] L=0.4337  D=0.4229  PSNR= 3.74  R=0.8359 bpp
[ep 9 step  2420 t=   4589s vram= 5904MB] L=0.4346  D=0.4269  PSNR= 3.70  R=0.5924 bpp
[ep 9 step  2440 t=   4626s vram= 5904MB] L=0.4096  D=0.4033  PSNR= 3.94  R=0.4825 bpp
[ep 9 step  2460 t=   4664s vram= 5904MB] L=0.4412  D=0.4350  PSNR= 3.61  R=0.4729 bpp
[ep 9 step  2480 t=   4702s vram= 5904MB] L=0.4306  D=0.4246  PSNR= 3.72  R=0.4644 bpp
[ep 9 step  2500 t=   4739s vram= 5904MB] L=0.4668  D=0.4615  PSNR= 3.36  R=0.4091 bpp
[ep 9 step  2520 t=   4777s vram= 5904MB] L=0.4476  D=0.4421  PSNR= 3.54  R=0.4249 bpp
[ep 9 step  2540 t=   4815s vram= 5904MB] L=0.4554  D=0.4500  PSNR= 3.47  R=0.4104 bpp
saved checkpoints/base.pt (epoch 9, step 2560)
[ep 10 step  2560 t=   4855s vram= 5904MB] L=0.4518  D=0.4468  PSNR= 3.50  R=0.3856 bpp
[ep 10 step  2580 t=   4893s vram= 5904MB] L=0.4434  D=0.4377  PSNR= 3.59  R=0.4394 bpp
[ep 10 step  2600 t=   4931s vram= 5904MB] L=0.4447  D=0.4389  PSNR= 3.58  R=0.4463 bpp
[ep 10 step  2620 t=   4968s vram= 5904MB] L=0.4449  D=0.4362  PSNR= 3.60  R=0.6674 bpp
[ep 10 step  2640 t=   5006s vram= 5904MB] L=0.4361  D=0.4240  PSNR= 3.73  R=0.9323 bpp
[ep 10 step  2660 t=   5044s vram= 5904MB] L=0.4365  D=0.4163  PSNR= 3.81  R=1.5586 bpp
[ep 10 step  2680 t=   5081s vram= 5904MB] L=0.4869  D=0.4267  PSNR= 3.70  R=4.6330 bpp
[ep 10 step  2700 t=   5119s vram= 5904MB] L=0.4463  D=0.4190  PSNR= 3.78  R=2.0925 bpp
[ep 10 step  2720 t=   5157s vram= 5904MB] L=0.4418  D=0.4222  PSNR= 3.75  R=1.5086 bpp
[ep 10 step  2740 t=   5194s vram= 5904MB] L=0.4390  D=0.4271  PSNR= 3.69  R=0.9159 bpp
[ep 10 step  2760 t=   5232s vram= 5904MB] L=0.4246  D=0.4161  PSNR= 3.81  R=0.6511 bpp
[ep 10 step  2780 t=   5269s vram= 5904MB] L=0.4419  D=0.4351  PSNR= 3.61  R=0.5234 bpp
[ep 10 step  2800 t=   5307s vram= 5904MB] L=0.4481  D=0.4407  PSNR= 3.56  R=0.5728 bpp
saved checkpoints/base.pt (epoch 10, step 2816)
[ep 11 step  2820 t=   5348s vram= 5904MB] L=0.4562  D=0.4473  PSNR= 3.49  R=0.6788 bpp
[ep 11 step  2840 t=   5386s vram= 5904MB] L=0.4466  D=0.4384  PSNR= 3.58  R=0.6266 bpp
[ep 11 step  2860 t=   5423s vram= 5904MB] L=0.4643  D=0.4543  PSNR= 3.43  R=0.7688 bpp
[ep 11 step  2880 t=   5461s vram= 5904MB] L=0.4497  D=0.4421  PSNR= 3.55  R=0.5879 bpp
[ep 11 step  2900 t=   5499s vram= 5904MB] L=0.4452  D=0.4373  PSNR= 3.59  R=0.6116 bpp
[ep 11 step  2920 t=   5536s vram= 5904MB] L=0.4499  D=0.4430  PSNR= 3.54  R=0.5257 bpp
[ep 11 step  2940 t=   5574s vram= 5904MB] L=0.4374  D=0.4301  PSNR= 3.66  R=0.5552 bpp
[ep 11 step  2960 t=   5612s vram= 5904MB] L=0.4264  D=0.4206  PSNR= 3.76  R=0.4432 bpp
[ep 11 step  2980 t=   5649s vram= 5904MB] L=0.4618  D=0.4549  PSNR= 3.42  R=0.5311 bpp
[ep 11 step  3000 t=   5687s vram= 5904MB] L=0.4254  D=0.4193  PSNR= 3.77  R=0.4668 bpp
[ep 11 step  3020 t=   5724s vram= 5904MB] L=0.4453  D=0.4395  PSNR= 3.57  R=0.4493 bpp
[ep 11 step  3040 t=   5762s vram= 5904MB] L=0.4574  D=0.4520  PSNR= 3.45  R=0.4159 bpp
[ep 11 step  3060 t=   5800s vram= 5904MB] L=0.4543  D=0.4487  PSNR= 3.48  R=0.4256 bpp
saved checkpoints/base.pt (epoch 11, step 3072)
[ep 12 step  3080 t=   5841s vram= 5904MB] L=0.4284  D=0.4219  PSNR= 3.75  R=0.5003 bpp
[ep 12 step  3100 t=   5878s vram= 5904MB] L=0.4372  D=0.4310  PSNR= 3.66  R=0.4824 bpp
[ep 12 step  3120 t=   5916s vram= 5904MB] L=0.4422  D=0.4370  PSNR= 3.59  R=0.3969 bpp
[ep 12 step  3140 t=   5954s vram= 5904MB] L=0.4371  D=0.4286  PSNR= 3.68  R=0.6537 bpp
[ep 12 step  3160 t=   5991s vram= 5904MB] L=0.4434  D=0.4354  PSNR= 3.61  R=0.6164 bpp
[ep 12 step  3180 t=   6029s vram= 5904MB] L=0.4411  D=0.4356  PSNR= 3.61  R=0.4300 bpp
[ep 12 step  3200 t=   6066s vram= 5904MB] L=0.4456  D=0.4402  PSNR= 3.56  R=0.4130 bpp
[ep 12 step  3220 t=   6104s vram= 5904MB] L=0.4481  D=0.4408  PSNR= 3.56  R=0.5550 bpp
[ep 12 step  3240 t=   6142s vram= 5904MB] L=0.4457  D=0.4396  PSNR= 3.57  R=0.4699 bpp
[ep 12 step  3260 t=   6179s vram= 5904MB] L=0.4372  D=0.4313  PSNR= 3.65  R=0.4475 bpp
[ep 12 step  3280 t=   6217s vram= 5904MB] L=0.4457  D=0.4399  PSNR= 3.57  R=0.4501 bpp
[ep 12 step  3300 t=   6255s vram= 5904MB] L=0.4386  D=0.4309  PSNR= 3.66  R=0.5926 bpp
[ep 12 step  3320 t=   6292s vram= 5904MB] L=0.4169  D=0.4112  PSNR= 3.86  R=0.4365 bpp
saved checkpoints/base.pt (epoch 12, step 3328)
[ep 13 step  3340 t=   6333s vram= 5904MB] L=0.4370  D=0.4300  PSNR= 3.67  R=0.5369 bpp
[ep 13 step  3360 t=   6371s vram= 5904MB] L=0.4634  D=0.4557  PSNR= 3.41  R=0.5945 bpp
[ep 13 step  3380 t=   6408s vram= 5904MB] L=0.4264  D=0.4159  PSNR= 3.81  R=0.8049 bpp
[ep 13 step  3400 t=   6446s vram= 5904MB] L=0.4385  D=0.4314  PSNR= 3.65  R=0.5520 bpp
[ep 13 step  3420 t=   6484s vram= 5904MB] L=0.4184  D=0.4113  PSNR= 3.86  R=0.5417 bpp
[ep 13 step  3440 t=   6521s vram= 5904MB] L=0.4515  D=0.4454  PSNR= 3.51  R=0.4698 bpp
[ep 13 step  3460 t=   6559s vram= 5904MB] L=0.4746  D=0.4691  PSNR= 3.29  R=0.4212 bpp
[ep 13 step  3480 t=   6597s vram= 5904MB] L=0.4253  D=0.4204  PSNR= 3.76  R=0.3770 bpp
[ep 13 step  3500 t=   6634s vram= 5904MB] L=0.4445  D=0.4382  PSNR= 3.58  R=0.4879 bpp
[ep 13 step  3520 t=   6672s vram= 5904MB] L=0.4472  D=0.4378  PSNR= 3.59  R=0.7210 bpp
[ep 13 step  3540 t=   6710s vram= 5904MB] L=0.4165  D=0.4099  PSNR= 3.87  R=0.5095 bpp
[ep 13 step  3560 t=   6747s vram= 5904MB] L=0.4307  D=0.4194  PSNR= 3.77  R=0.8729 bpp
[ep 13 step  3580 t=   6785s vram= 5904MB] L=0.4296  D=0.4207  PSNR= 3.76  R=0.6865 bpp
saved checkpoints/base.pt (epoch 13, step 3584)
[ep 14 step  3600 t=   6826s vram= 5904MB] L=0.4659  D=0.4554  PSNR= 3.42  R=0.8076 bpp
[ep 14 step  3620 t=   6863s vram= 5904MB] L=0.4027  D=0.3940  PSNR= 4.05  R=0.6751 bpp
[ep 14 step  3640 t=   6901s vram= 5904MB] L=0.4052  D=0.3982  PSNR= 4.00  R=0.5346 bpp
[ep 14 step  3660 t=   6939s vram= 5904MB] L=0.4325  D=0.4263  PSNR= 3.70  R=0.4777 bpp
[ep 14 step  3680 t=   6976s vram= 5904MB] L=0.4474  D=0.4373  PSNR= 3.59  R=0.7790 bpp
[ep 14 step  3700 t=   7014s vram= 5904MB] L=0.4726  D=0.4638  PSNR= 3.34  R=0.6731 bpp
[ep 14 step  3720 t=   7052s vram= 5904MB] L=0.4385  D=0.4310  PSNR= 3.65  R=0.5714 bpp
[ep 14 step  3740 t=   7089s vram= 5904MB] L=0.4258  D=0.4205  PSNR= 3.76  R=0.4049 bpp
[ep 14 step  3760 t=   7127s vram= 5904MB] L=0.4210  D=0.4151  PSNR= 3.82  R=0.4539 bpp
[ep 14 step  3780 t=   7165s vram= 5904MB] L=0.4326  D=0.4275  PSNR= 3.69  R=0.3964 bpp
[ep 14 step  3800 t=   7202s vram= 5904MB] L=0.4536  D=0.4467  PSNR= 3.50  R=0.5293 bpp
[ep 14 step  3820 t=   7240s vram= 5904MB] L=0.4549  D=0.4485  PSNR= 3.48  R=0.4888 bpp
saved checkpoints/base.pt (epoch 14, step 3840)
[ep 15 step  3840 t=   7281s vram= 5904MB] L=0.4894  D=0.4828  PSNR= 3.16  R=0.5089 bpp
[ep 15 step  3860 t=   7318s vram= 5904MB] L=0.4568  D=0.4516  PSNR= 3.45  R=0.4017 bpp
[ep 15 step  3880 t=   7356s vram= 5904MB] L=0.4343  D=0.4288  PSNR= 3.68  R=0.4225 bpp
[ep 15 step  3900 t=   7394s vram= 5904MB] L=0.4352  D=0.4296  PSNR= 3.67  R=0.4284 bpp
[ep 15 step  3920 t=   7431s vram= 5904MB] L=0.4546  D=0.4486  PSNR= 3.48  R=0.4563 bpp
[ep 15 step  3940 t=   7469s vram= 5904MB] L=0.4669  D=0.4606  PSNR= 3.37  R=0.4793 bpp
[ep 15 step  3960 t=   7507s vram= 5904MB] L=0.4113  D=0.4069  PSNR= 3.90  R=0.3375 bpp
[ep 15 step  3980 t=   7544s vram= 5904MB] L=0.4440  D=0.4384  PSNR= 3.58  R=0.4255 bpp
[ep 15 step  4000 t=   7582s vram= 5904MB] L=0.4456  D=0.4418  PSNR= 3.55  R=0.2938 bpp
[ep 15 step  4020 t=   7620s vram= 5904MB] L=0.4299  D=0.4255  PSNR= 3.71  R=0.3442 bpp
[ep 15 step  4040 t=   7658s vram= 5904MB] L=0.4302  D=0.4252  PSNR= 3.71  R=0.3837 bpp
[ep 15 step  4060 t=   7696s vram= 5904MB] L=0.4489  D=0.4439  PSNR= 3.53  R=0.3790 bpp
[ep 15 step  4080 t=   7734s vram= 5904MB] L=0.4683  D=0.4563  PSNR= 3.41  R=0.9208 bpp
saved checkpoints/base.pt (epoch 15, step 4096)
[ep 16 step  4100 t=   7775s vram= 5904MB] L=0.4199  D=0.4098  PSNR= 3.87  R=0.7818 bpp
[ep 16 step  4120 t=   7813s vram= 5904MB] L=0.4302  D=0.4244  PSNR= 3.72  R=0.4489 bpp
[ep 16 step  4140 t=   7851s vram= 5904MB] L=0.4293  D=0.4245  PSNR= 3.72  R=0.3719 bpp
[ep 16 step  4160 t=   7889s vram= 5904MB] L=0.4565  D=0.4512  PSNR= 3.46  R=0.4035 bpp
[ep 16 step  4180 t=   7927s vram= 5904MB] L=0.4510  D=0.4465  PSNR= 3.50  R=0.3495 bpp
[ep 16 step  4200 t=   7965s vram= 5904MB] L=0.4319  D=0.4275  PSNR= 3.69  R=0.3439 bpp
[ep 16 step  4220 t=   8002s vram= 5904MB] L=0.4359  D=0.4314  PSNR= 3.65  R=0.3486 bpp
[ep 16 step  4240 t=   8040s vram= 5904MB] L=0.4619  D=0.4571  PSNR= 3.40  R=0.3689 bpp
[ep 16 step  4260 t=   8078s vram= 5904MB] L=0.4257  D=0.4219  PSNR= 3.75  R=0.2876 bpp
[ep 16 step  4280 t=   8116s vram= 5904MB] L=0.4336  D=0.4296  PSNR= 3.67  R=0.3085 bpp
[ep 16 step  4300 t=   8154s vram= 5904MB] L=0.4003  D=0.3965  PSNR= 4.02  R=0.2902 bpp
[ep 16 step  4320 t=   8192s vram= 5904MB] L=0.3980  D=0.3942  PSNR= 4.04  R=0.2925 bpp
[ep 16 step  4340 t=   8230s vram= 5904MB] L=0.4504  D=0.4468  PSNR= 3.50  R=0.2756 bpp
saved checkpoints/base.pt (epoch 16, step 4352)
[ep 17 step  4360 t=   8271s vram= 5904MB] L=0.4276  D=0.4227  PSNR= 3.74  R=0.3775 bpp
[ep 17 step  4380 t=   8309s vram= 5904MB] L=0.4287  D=0.4234  PSNR= 3.73  R=0.4110 bpp
[ep 17 step  4400 t=   8347s vram= 5904MB] L=0.4391  D=0.4349  PSNR= 3.62  R=0.3281 bpp
[ep 17 step  4420 t=   8385s vram= 5904MB] L=0.4651  D=0.4608  PSNR= 3.36  R=0.3265 bpp
[ep 17 step  4440 t=   8423s vram= 5904MB] L=0.4541  D=0.4475  PSNR= 3.49  R=0.5089 bpp
[ep 17 step  4460 t=   8461s vram= 5904MB] L=0.4388  D=0.4345  PSNR= 3.62  R=0.3381 bpp
[ep 17 step  4480 t=   8499s vram= 5904MB] L=0.4419  D=0.4381  PSNR= 3.58  R=0.2931 bpp
[ep 17 step  4500 t=   8536s vram= 5904MB] L=0.4631  D=0.4568  PSNR= 3.40  R=0.4843 bpp
[ep 17 step  4520 t=   8574s vram= 5904MB] L=0.4407  D=0.4368  PSNR= 3.60  R=0.2983 bpp
[ep 17 step  4540 t=   8612s vram= 5904MB] L=0.4244  D=0.4205  PSNR= 3.76  R=0.2999 bpp
[ep 17 step  4560 t=   8649s vram= 5904MB] L=0.4501  D=0.4463  PSNR= 3.50  R=0.2936 bpp
[ep 17 step  4580 t=   8687s vram= 5904MB] L=0.4195  D=0.4158  PSNR= 3.81  R=0.2850 bpp
[ep 17 step  4600 t=   8725s vram= 5904MB] L=0.4343  D=0.4307  PSNR= 3.66  R=0.2714 bpp
saved checkpoints/base.pt (epoch 17, step 4608)
[ep 18 step  4620 t=   8765s vram= 5904MB] L=0.4726  D=0.4689  PSNR= 3.29  R=0.2855 bpp
[ep 18 step  4640 t=   8803s vram= 5904MB] L=0.4183  D=0.4141  PSNR= 3.83  R=0.3232 bpp
[ep 18 step  4660 t=   8841s vram= 5904MB] L=0.4363  D=0.4325  PSNR= 3.64  R=0.2974 bpp
[ep 18 step  4680 t=   8878s vram= 5904MB] L=0.4407  D=0.4361  PSNR= 3.60  R=0.3596 bpp
[ep 18 step  4700 t=   8916s vram= 5904MB] L=0.4378  D=0.4339  PSNR= 3.63  R=0.3014 bpp
[ep 18 step  4720 t=   8954s vram= 5904MB] L=0.4290  D=0.4250  PSNR= 3.72  R=0.3040 bpp
[ep 18 step  4740 t=   8991s vram= 5904MB] L=0.4567  D=0.4527  PSNR= 3.44  R=0.3112 bpp
[ep 18 step  4760 t=   9029s vram= 5904MB] L=0.4218  D=0.4163  PSNR= 3.81  R=0.4220 bpp
[ep 18 step  4780 t=   9067s vram= 5904MB] L=0.3880  D=0.3799  PSNR= 4.20  R=0.6280 bpp
[ep 18 step  4800 t=   9104s vram= 5904MB] L=0.3805  D=0.3704  PSNR= 4.31  R=0.7754 bpp
[ep 18 step  4820 t=   9142s vram= 5904MB] L=0.4156  D=0.3768  PSNR= 4.24  R=2.9847 bpp
[ep 18 step  4840 t=   9180s vram= 5904MB] L=0.4017  D=0.3551  PSNR= 4.50  R=3.5864 bpp
[ep 18 step  4860 t=   9217s vram= 5904MB] L=0.3893  D=0.3709  PSNR= 4.31  R=1.4143 bpp
saved checkpoints/base.pt (epoch 18, step 4864)
[ep 19 step  4880 t=   9262s vram= 5904MB] L=0.4397  D=0.4116  PSNR= 3.86  R=2.1607 bpp
[ep 19 step  4900 t=   9300s vram= 5904MB] L=0.4000  D=0.3654  PSNR= 4.37  R=2.6586 bpp
[ep 19 step  4920 t=   9338s vram= 5904MB] L=0.3860  D=0.3687  PSNR= 4.33  R=1.3302 bpp
[ep 19 step  4940 t=   9375s vram= 5904MB] L=0.4713  D=0.4573  PSNR= 3.40  R=1.0787 bpp
[ep 19 step  4960 t=   9413s vram= 5904MB] L=0.4293  D=0.4167  PSNR= 3.80  R=0.9630 bpp
[ep 19 step  4980 t=   9450s vram= 5904MB] L=0.4378  D=0.4226  PSNR= 3.74  R=1.1682 bpp
[ep 19 step  5000 t=   9488s vram= 5904MB] L=0.4283  D=0.4189  PSNR= 3.78  R=0.7235 bpp
[ep 19 step  5020 t=   9526s vram= 5904MB] L=0.4404  D=0.4324  PSNR= 3.64  R=0.6198 bpp
[ep 19 step  5040 t=   9563s vram= 5904MB] L=0.4308  D=0.4234  PSNR= 3.73  R=0.5725 bpp
[ep 19 step  5060 t=   9601s vram= 5904MB] L=0.4050  D=0.3983  PSNR= 4.00  R=0.5205 bpp
[ep 19 step  5080 t=   9639s vram= 5904MB] L=0.4280  D=0.4222  PSNR= 3.74  R=0.4494 bpp
[ep 19 step  5100 t=   9676s vram= 5904MB] L=0.4335  D=0.4287  PSNR= 3.68  R=0.3636 bpp
saved checkpoints/base.pt (epoch 19, step 5120)
[ep 20 step  5120 t=   9717s vram= 5904MB] L=0.4654  D=0.4585  PSNR= 3.39  R=0.5346 bpp
[ep 20 step  5140 t=   9755s vram= 5904MB] L=0.4272  D=0.4218  PSNR= 3.75  R=0.4118 bpp
[ep 20 step  5160 t=   9792s vram= 5904MB] L=0.4664  D=0.4612  PSNR= 3.36  R=0.3993 bpp
[ep 20 step  5180 t=   9830s vram= 5904MB] L=0.4462  D=0.4410  PSNR= 3.56  R=0.3980 bpp
[ep 20 step  5200 t=   9867s vram= 5904MB] L=0.4108  D=0.4057  PSNR= 3.92  R=0.3885 bpp
[ep 20 step  5220 t=   9905s vram= 5904MB] L=0.4603  D=0.4559  PSNR= 3.41  R=0.3348 bpp
[ep 20 step  5240 t=   9943s vram= 5904MB] L=0.4302  D=0.4263  PSNR= 3.70  R=0.3039 bpp
[ep 20 step  5260 t=   9980s vram= 5904MB] L=0.4350  D=0.4309  PSNR= 3.66  R=0.3198 bpp
[ep 20 step  5280 t=  10018s vram= 5904MB] L=0.4577  D=0.4539  PSNR= 3.43  R=0.2905 bpp
[ep 20 step  5300 t=  10056s vram= 5904MB] L=0.4052  D=0.4017  PSNR= 3.96  R=0.2739 bpp
[ep 20 step  5320 t=  10093s vram= 5904MB] L=0.4600  D=0.4564  PSNR= 3.41  R=0.2774 bpp
[ep 20 step  5340 t=  10131s vram= 5904MB] L=0.4524  D=0.4488  PSNR= 3.48  R=0.2779 bpp
[ep 20 step  5360 t=  10168s vram= 5904MB] L=0.4314  D=0.4275  PSNR= 3.69  R=0.2945 bpp
saved checkpoints/base.pt (epoch 20, step 5376)
[ep 21 step  5380 t=  10209s vram= 5904MB] L=0.4662  D=0.4624  PSNR= 3.35  R=0.2957 bpp
[ep 21 step  5400 t=  10247s vram= 5904MB] L=0.4278  D=0.4243  PSNR= 3.72  R=0.2709 bpp
[ep 21 step  5420 t=  10284s vram= 5904MB] L=0.4202  D=0.4162  PSNR= 3.81  R=0.3044 bpp
[ep 21 step  5440 t=  10322s vram= 5904MB] L=0.4080  D=0.4040  PSNR= 3.94  R=0.3050 bpp
[ep 21 step  5460 t=  10360s vram= 5904MB] L=0.4064  D=0.4027  PSNR= 3.95  R=0.2836 bpp
[ep 21 step  5480 t=  10397s vram= 5904MB] L=0.4282  D=0.4242  PSNR= 3.72  R=0.3098 bpp
[ep 21 step  5500 t=  10435s vram= 5904MB] L=0.3680  D=0.3555  PSNR= 4.49  R=0.9615 bpp
[ep 21 step  5520 t=  10472s vram= 5904MB] L=0.4056  D=0.3969  PSNR= 4.01  R=0.6677 bpp
[ep 21 step  5540 t=  10510s vram= 5904MB] L=0.3973  D=0.3932  PSNR= 4.05  R=0.3129 bpp
[ep 21 step  5560 t=  10548s vram= 5904MB] L=0.4018  D=0.3984  PSNR= 4.00  R=0.2549 bpp
[ep 21 step  5580 t=  10585s vram= 5904MB] L=0.3416  D=0.3386  PSNR= 4.70  R=0.2325 bpp
[ep 21 step  5600 t=  10623s vram= 5904MB] L=0.3504  D=0.3474  PSNR= 4.59  R=0.2265 bpp
[ep 21 step  5620 t=  10660s vram= 5904MB] L=0.4368  D=0.4339  PSNR= 3.63  R=0.2260 bpp
saved checkpoints/base.pt (epoch 21, step 5632)
[ep 22 step  5640 t=  10701s vram= 5904MB] L=0.3833  D=0.3804  PSNR= 4.20  R=0.2228 bpp
[ep 22 step  5660 t=  10739s vram= 5904MB] L=0.3542  D=0.3513  PSNR= 4.54  R=0.2187 bpp
[ep 22 step  5680 t=  10776s vram= 5904MB] L=0.3769  D=0.3741  PSNR= 4.27  R=0.2157 bpp
[ep 22 step  5700 t=  10814s vram= 5904MB] L=0.3374  D=0.3346  PSNR= 4.75  R=0.2159 bpp
[ep 22 step  5720 t=  10852s vram= 5904MB] L=0.3198  D=0.3170  PSNR= 4.99  R=0.2122 bpp
[ep 22 step  5740 t=  10889s vram= 5904MB] L=0.3725  D=0.3644  PSNR= 4.38  R=0.6224 bpp
[ep 22 step  5760 t=  10927s vram= 5904MB] L=0.3645  D=0.3582  PSNR= 4.46  R=0.4827 bpp
[ep 22 step  5780 t=  10964s vram= 5904MB] L=0.3472  D=0.3430  PSNR= 4.65  R=0.3281 bpp
[ep 22 step  5800 t=  11002s vram= 5904MB] L=0.4193  D=0.4150  PSNR= 3.82  R=0.3303 bpp
[ep 22 step  5820 t=  11040s vram= 5904MB] L=0.4077  D=0.4035  PSNR= 3.94  R=0.3192 bpp
[ep 22 step  5840 t=  11077s vram= 5904MB] L=0.4232  D=0.4197  PSNR= 3.77  R=0.2722 bpp
[ep 22 step  5860 t=  11115s vram= 5904MB] L=0.4674  D=0.4639  PSNR= 3.34  R=0.2693 bpp
[ep 22 step  5880 t=  11152s vram= 5904MB] L=0.4045  D=0.4010  PSNR= 3.97  R=0.2663 bpp
saved checkpoints/base.pt (epoch 22, step 5888)
[ep 23 step  5900 t=  11193s vram= 5904MB] L=0.4462  D=0.4427  PSNR= 3.54  R=0.2721 bpp
[ep 23 step  5920 t=  11231s vram= 5904MB] L=0.4045  D=0.4009  PSNR= 3.97  R=0.2737 bpp
[ep 23 step  5940 t=  11268s vram= 5904MB] L=0.4226  D=0.4192  PSNR= 3.78  R=0.2579 bpp
[ep 23 step  5960 t=  11306s vram= 5904MB] L=0.4124  D=0.4087  PSNR= 3.89  R=0.2867 bpp
[ep 23 step  5980 t=  11344s vram= 5904MB] L=0.4666  D=0.4627  PSNR= 3.35  R=0.3019 bpp
[ep 23 step  6000 t=  11381s vram= 5904MB] L=0.4384  D=0.4349  PSNR= 3.62  R=0.2682 bpp
[ep 23 step  6020 t=  11419s vram= 5904MB] L=0.4541  D=0.4504  PSNR= 3.46  R=0.2862 bpp
[ep 23 step  6040 t=  11457s vram= 5904MB] L=0.4582  D=0.4548  PSNR= 3.42  R=0.2655 bpp
[ep 23 step  6060 t=  11494s vram= 5904MB] L=0.3968  D=0.3925  PSNR= 4.06  R=0.3281 bpp
[ep 23 step  6080 t=  11532s vram= 5904MB] L=0.4391  D=0.4350  PSNR= 3.62  R=0.3179 bpp
[ep 23 step  6100 t=  11569s vram= 5904MB] L=0.4399  D=0.4362  PSNR= 3.60  R=0.2847 bpp
[ep 23 step  6120 t=  11607s vram= 5904MB] L=0.4212  D=0.4170  PSNR= 3.80  R=0.3167 bpp
[ep 23 step  6140 t=  11645s vram= 5904MB] L=0.4527  D=0.4464  PSNR= 3.50  R=0.4797 bpp
saved checkpoints/base.pt (epoch 23, step 6144)
[ep 24 step  6160 t=  11685s vram= 5904MB] L=0.4552  D=0.4508  PSNR= 3.46  R=0.3388 bpp
[ep 24 step  6180 t=  11723s vram= 5904MB] L=0.4489  D=0.4441  PSNR= 3.53  R=0.3718 bpp
[ep 24 step  6200 t=  11761s vram= 5904MB] L=0.4739  D=0.4698  PSNR= 3.28  R=0.3135 bpp
[ep 24 step  6220 t=  11798s vram= 5904MB] L=0.4930  D=0.4889  PSNR= 3.11  R=0.3162 bpp
[ep 24 step  6240 t=  11836s vram= 5904MB] L=0.4687  D=0.4617  PSNR= 3.36  R=0.5378 bpp
[ep 24 step  6260 t=  11874s vram= 5904MB] L=0.4351  D=0.4311  PSNR= 3.65  R=0.3054 bpp
[ep 24 step  6280 t=  11911s vram= 5904MB] L=0.4429  D=0.4390  PSNR= 3.58  R=0.3001 bpp
[ep 24 step  6300 t=  11949s vram= 5904MB] L=0.4519  D=0.4482  PSNR= 3.49  R=0.2892 bpp
[ep 24 step  6320 t=  11986s vram= 5904MB] L=0.4617  D=0.4578  PSNR= 3.39  R=0.2964 bpp
[ep 24 step  6340 t=  12024s vram= 5904MB] L=0.3940  D=0.3904  PSNR= 4.09  R=0.2772 bpp
[ep 24 step  6360 t=  12062s vram= 5904MB] L=0.4367  D=0.4314  PSNR= 3.65  R=0.4105 bpp
[ep 24 step  6380 t=  12099s vram= 5904MB] L=0.4771  D=0.4731  PSNR= 3.25  R=0.3129 bpp
saved checkpoints/base.pt (epoch 24, step 6400)
[ep 25 step  6400 t=  12140s vram= 5904MB] L=0.3945  D=0.3896  PSNR= 4.09  R=0.3757 bpp
[ep 25 step  6420 t=  12178s vram= 5904MB] L=0.4287  D=0.4242  PSNR= 3.72  R=0.3439 bpp
[ep 25 step  6440 t=  12215s vram= 5904MB] L=0.4687  D=0.4645  PSNR= 3.33  R=0.3180 bpp
[ep 25 step  6460 t=  12253s vram= 5904MB] L=0.4381  D=0.4345  PSNR= 3.62  R=0.2750 bpp
[ep 25 step  6480 t=  12291s vram= 5904MB] L=0.4598  D=0.4558  PSNR= 3.41  R=0.3101 bpp
[ep 25 step  6500 t=  12328s vram= 5904MB] L=0.4472  D=0.4435  PSNR= 3.53  R=0.2892 bpp
[ep 25 step  6520 t=  12366s vram= 5904MB] L=0.4496  D=0.4430  PSNR= 3.54  R=0.5046 bpp
[ep 25 step  6540 t=  12403s vram= 5904MB] L=0.4721  D=0.4681  PSNR= 3.30  R=0.3130 bpp
[ep 25 step  6560 t=  12441s vram= 5904MB] L=0.4303  D=0.4268  PSNR= 3.70  R=0.2660 bpp
[ep 25 step  6580 t=  12479s vram= 5904MB] L=0.4578  D=0.4539  PSNR= 3.43  R=0.2992 bpp
[ep 25 step  6600 t=  12516s vram= 5904MB] L=0.4346  D=0.4304  PSNR= 3.66  R=0.3226 bpp
[ep 25 step  6620 t=  12554s vram= 5904MB] L=0.4583  D=0.4549  PSNR= 3.42  R=0.2664 bpp
[ep 25 step  6640 t=  12592s vram= 5904MB] L=0.4543  D=0.4505  PSNR= 3.46  R=0.2875 bpp
saved checkpoints/base.pt (epoch 25, step 6656)
[ep 26 step  6660 t=  12632s vram= 5904MB] L=0.4432  D=0.4392  PSNR= 3.57  R=0.3111 bpp
[ep 26 step  6680 t=  12670s vram= 5904MB] L=0.4567  D=0.4524  PSNR= 3.44  R=0.3337 bpp
[ep 26 step  6700 t=  12708s vram= 5904MB] L=0.4685  D=0.4647  PSNR= 3.33  R=0.2939 bpp
[ep 26 step  6720 t=  12745s vram= 5904MB] L=0.4408  D=0.4372  PSNR= 3.59  R=0.2815 bpp
[ep 26 step  6740 t=  12783s vram= 5904MB] L=0.4089  D=0.4053  PSNR= 3.92  R=0.2769 bpp
[ep 26 step  6760 t=  12821s vram= 5904MB] L=0.4321  D=0.4286  PSNR= 3.68  R=0.2661 bpp
[ep 26 step  6780 t=  12858s vram= 5904MB] L=0.4580  D=0.4535  PSNR= 3.43  R=0.3485 bpp
[ep 26 step  6800 t=  12896s vram= 5904MB] L=0.4173  D=0.4122  PSNR= 3.85  R=0.3893 bpp
[ep 26 step  6820 t=  12934s vram= 5904MB] L=0.4002  D=0.3959  PSNR= 4.02  R=0.3303 bpp
[ep 26 step  6840 t=  12971s vram= 5904MB] L=0.4878  D=0.4835  PSNR= 3.16  R=0.3365 bpp
[ep 26 step  6860 t=  13009s vram= 5904MB] L=0.4342  D=0.4304  PSNR= 3.66  R=0.2939 bpp
[ep 26 step  6880 t=  13046s vram= 5904MB] L=0.4660  D=0.4622  PSNR= 3.35  R=0.2915 bpp
[ep 26 step  6900 t=  13084s vram= 5904MB] L=0.4525  D=0.4492  PSNR= 3.48  R=0.2530 bpp
saved checkpoints/base.pt (epoch 26, step 6912)
[ep 27 step  6920 t=  13125s vram= 5904MB] L=0.4466  D=0.4432  PSNR= 3.53  R=0.2632 bpp
[ep 27 step  6940 t=  13163s vram= 5904MB] L=0.4761  D=0.4725  PSNR= 3.26  R=0.2806 bpp
[ep 27 step  6960 t=  13200s vram= 5904MB] L=0.4319  D=0.4283  PSNR= 3.68  R=0.2831 bpp
[ep 27 step  6980 t=  13238s vram= 5904MB] L=0.4287  D=0.4247  PSNR= 3.72  R=0.3018 bpp
[ep 27 step  7000 t=  13275s vram= 5904MB] L=0.4305  D=0.4267  PSNR= 3.70  R=0.2956 bpp
[ep 27 step  7020 t=  13313s vram= 5904MB] L=0.4615  D=0.4577  PSNR= 3.39  R=0.2954 bpp
[ep 27 step  7040 t=  13351s vram= 5904MB] L=0.4038  D=0.3999  PSNR= 3.98  R=0.3007 bpp
[ep 27 step  7060 t=  13388s vram= 5904MB] L=0.4322  D=0.4281  PSNR= 3.69  R=0.3198 bpp
[ep 27 step  7080 t=  13426s vram= 5904MB] L=0.4505  D=0.4461  PSNR= 3.51  R=0.3348 bpp
[ep 27 step  7100 t=  13464s vram= 5904MB] L=0.4407  D=0.4365  PSNR= 3.60  R=0.3254 bpp
[ep 27 step  7120 t=  13501s vram= 5904MB] L=0.4127  D=0.4088  PSNR= 3.89  R=0.3044 bpp
[ep 27 step  7140 t=  13539s vram= 5904MB] L=0.4749  D=0.4707  PSNR= 3.27  R=0.3185 bpp
[ep 27 step  7160 t=  13576s vram= 5904MB] L=0.4118  D=0.4075  PSNR= 3.90  R=0.3256 bpp
saved checkpoints/base.pt (epoch 27, step 7168)
[ep 28 step  7180 t=  13617s vram= 5904MB] L=0.4501  D=0.4444  PSNR= 3.52  R=0.4442 bpp
[ep 28 step  7200 t=  13655s vram= 5904MB] L=0.4418  D=0.4372  PSNR= 3.59  R=0.3525 bpp
[ep 28 step  7220 t=  13693s vram= 5904MB] L=0.4451  D=0.4414  PSNR= 3.55  R=0.2848 bpp
[ep 28 step  7240 t=  13730s vram= 5904MB] L=0.3576  D=0.3533  PSNR= 4.52  R=0.3296 bpp
[ep 28 step  7260 t=  13768s vram= 5904MB] L=0.3653  D=0.3612  PSNR= 4.42  R=0.3156 bpp
[ep 28 step  7280 t=  13806s vram= 5904MB] L=0.3600  D=0.3561  PSNR= 4.48  R=0.3030 bpp
[ep 28 step  7300 t=  13843s vram= 5904MB] L=0.3558  D=0.3521  PSNR= 4.53  R=0.2913 bpp
[ep 28 step  7320 t=  13881s vram= 5904MB] L=0.3636  D=0.3602  PSNR= 4.43  R=0.2632 bpp
[ep 28 step  7340 t=  13918s vram= 5904MB] L=0.3537  D=0.3506  PSNR= 4.55  R=0.2361 bpp
[ep 28 step  7360 t=  13956s vram= 5904MB] L=0.3759  D=0.3730  PSNR= 4.28  R=0.2280 bpp
[ep 28 step  7380 t=  13994s vram= 5904MB] L=0.3744  D=0.3714  PSNR= 4.30  R=0.2342 bpp
[ep 28 step  7400 t=  14031s vram= 5904MB] L=0.3736  D=0.3637  PSNR= 4.39  R=0.7618 bpp
[ep 28 step  7420 t=  14069s vram= 5904MB] L=0.3792  D=0.3745  PSNR= 4.27  R=0.3640 bpp
saved checkpoints/base.pt (epoch 28, step 7424)
[ep 29 step  7440 t=  14110s vram= 5904MB] L=0.3532  D=0.3497  PSNR= 4.56  R=0.2696 bpp
[ep 29 step  7460 t=  14147s vram= 5904MB] L=0.3426  D=0.3396  PSNR= 4.69  R=0.2362 bpp
[ep 29 step  7480 t=  14185s vram= 5904MB] L=0.3763  D=0.3734  PSNR= 4.28  R=0.2284 bpp
[ep 29 step  7500 t=  14223s vram= 5904MB] L=0.3420  D=0.3391  PSNR= 4.70  R=0.2208 bpp
[ep 29 step  7520 t=  14260s vram= 5904MB] L=0.3879  D=0.3848  PSNR= 4.15  R=0.2386 bpp
[ep 29 step  7540 t=  14298s vram= 5904MB] L=0.3475  D=0.3446  PSNR= 4.63  R=0.2281 bpp
[ep 29 step  7560 t=  14335s vram= 5904MB] L=0.3633  D=0.3604  PSNR= 4.43  R=0.2223 bpp
[ep 29 step  7580 t=  14373s vram= 5904MB] L=0.3605  D=0.3575  PSNR= 4.47  R=0.2277 bpp
[ep 29 step  7600 t=  14411s vram= 5904MB] L=0.3535  D=0.3508  PSNR= 4.55  R=0.2143 bpp
[ep 29 step  7620 t=  14448s vram= 5904MB] L=0.3376  D=0.3347  PSNR= 4.75  R=0.2163 bpp
[ep 29 step  7640 t=  14486s vram= 5904MB] L=0.3484  D=0.3456  PSNR= 4.61  R=0.2166 bpp
[ep 29 step  7660 t=  14524s vram= 5904MB] L=0.3458  D=0.3431  PSNR= 4.65  R=0.2136 bpp
saved checkpoints/base.pt (epoch 29, step 7680)
[ep 30 step  7680 t=  14565s vram= 5904MB] L=0.3408  D=0.3380  PSNR= 4.71  R=0.2116 bpp
[ep 30 step  7700 t=  14602s vram= 5904MB] L=0.3498  D=0.3470  PSNR= 4.60  R=0.2131 bpp
[ep 30 step  7720 t=  14640s vram= 5904MB] L=0.3706  D=0.3678  PSNR= 4.34  R=0.2169 bpp
[ep 30 step  7740 t=  14677s vram= 5904MB] L=0.3463  D=0.3435  PSNR= 4.64  R=0.2090 bpp
[ep 30 step  7760 t=  14715s vram= 5904MB] L=0.3683  D=0.3655  PSNR= 4.37  R=0.2123 bpp
[ep 30 step  7780 t=  14753s vram= 5904MB] L=0.3500  D=0.3473  PSNR= 4.59  R=0.2100 bpp
[ep 30 step  7800 t=  14790s vram= 5904MB] L=0.3328  D=0.3301  PSNR= 4.81  R=0.2101 bpp
[ep 30 step  7820 t=  14828s vram= 5904MB] L=0.3731  D=0.3704  PSNR= 4.31  R=0.2108 bpp
[ep 30 step  7840 t=  14865s vram= 5904MB] L=0.3516  D=0.3489  PSNR= 4.57  R=0.2068 bpp
[ep 30 step  7860 t=  14903s vram= 5904MB] L=0.3553  D=0.3526  PSNR= 4.53  R=0.2068 bpp
[ep 30 step  7880 t=  14941s vram= 5904MB] L=0.3505  D=0.3478  PSNR= 4.59  R=0.2046 bpp
[ep 30 step  7900 t=  14978s vram= 5904MB] L=0.3375  D=0.3349  PSNR= 4.75  R=0.2048 bpp
[ep 30 step  7920 t=  15016s vram= 5904MB] L=0.3486  D=0.3460  PSNR= 4.61  R=0.2039 bpp
saved checkpoints/base.pt (epoch 30, step 7936)
[ep 31 step  7940 t=  15057s vram= 5904MB] L=0.3840  D=0.3814  PSNR= 4.19  R=0.2049 bpp
[ep 31 step  7960 t=  15094s vram= 5904MB] L=0.3347  D=0.3320  PSNR= 4.79  R=0.2043 bpp
[ep 31 step  7980 t=  15132s vram= 5904MB] L=0.3524  D=0.3498  PSNR= 4.56  R=0.2052 bpp
[ep 31 step  8000 t=  15170s vram= 5904MB] L=0.3682  D=0.3655  PSNR= 4.37  R=0.2053 bpp
[ep 31 step  8020 t=  15207s vram= 5904MB] L=0.3439  D=0.3413  PSNR= 4.67  R=0.2033 bpp
[ep 31 step  8040 t=  15245s vram= 5904MB] L=0.3259  D=0.3233  PSNR= 4.90  R=0.2021 bpp
[ep 31 step  8060 t=  15282s vram= 5904MB] L=0.3476  D=0.3450  PSNR= 4.62  R=0.2024 bpp
[ep 31 step  8080 t=  15320s vram= 5904MB] L=0.3612  D=0.3586  PSNR= 4.45  R=0.2026 bpp
[ep 31 step  8100 t=  15358s vram= 5904MB] L=0.3618  D=0.3591  PSNR= 4.45  R=0.2022 bpp
[ep 31 step  8120 t=  15395s vram= 5904MB] L=0.3419  D=0.3393  PSNR= 4.69  R=0.2015 bpp
[ep 31 step  8140 t=  15433s vram= 5904MB] L=0.4031  D=0.4004  PSNR= 3.97  R=0.2030 bpp
[ep 31 step  8160 t=  15471s vram= 5904MB] L=0.3554  D=0.3528  PSNR= 4.52  R=0.2016 bpp
[ep 31 step  8180 t=  15508s vram= 5904MB] L=0.3552  D=0.3525  PSNR= 4.53  R=0.2022 bpp
saved checkpoints/base.pt (epoch 31, step 8192)
[ep 32 step  8200 t=  15549s vram= 5904MB] L=0.3518  D=0.3492  PSNR= 4.57  R=0.2030 bpp
[ep 32 step  8220 t=  15587s vram= 5904MB] L=0.3451  D=0.3424  PSNR= 4.65  R=0.2013 bpp
[ep 32 step  8240 t=  15624s vram= 5904MB] L=0.3421  D=0.3394  PSNR= 4.69  R=0.2012 bpp
[ep 32 step  8260 t=  15662s vram= 5904MB] L=0.3635  D=0.3609  PSNR= 4.43  R=0.2010 bpp
[ep 32 step  8280 t=  15699s vram= 5904MB] L=0.3328  D=0.3302  PSNR= 4.81  R=0.2000 bpp
[ep 32 step  8300 t=  15737s vram= 5904MB] L=0.3515  D=0.3489  PSNR= 4.57  R=0.1996 bpp
[ep 32 step  8320 t=  15775s vram= 5904MB] L=0.3737  D=0.3711  PSNR= 4.31  R=0.2006 bpp
[ep 32 step  8340 t=  15812s vram= 5904MB] L=0.3429  D=0.3403  PSNR= 4.68  R=0.1997 bpp
[ep 32 step  8360 t=  15850s vram= 5904MB] L=0.3662  D=0.3636  PSNR= 4.39  R=0.2001 bpp
[ep 32 step  8380 t=  15887s vram= 5904MB] L=0.3490  D=0.3464  PSNR= 4.60  R=0.1997 bpp
[ep 32 step  8400 t=  15925s vram= 5904MB] L=0.3809  D=0.3783  PSNR= 4.22  R=0.1993 bpp
[ep 32 step  8420 t=  15963s vram= 5904MB] L=0.3647  D=0.3621  PSNR= 4.41  R=0.2000 bpp
[ep 32 step  8440 t=  16000s vram= 5904MB] L=0.3921  D=0.3896  PSNR= 4.09  R=0.1982 bpp
saved checkpoints/base.pt (epoch 32, step 8448)
[ep 33 step  8460 t=  16041s vram= 5904MB] L=0.3783  D=0.3757  PSNR= 4.25  R=0.1991 bpp
[ep 33 step  8480 t=  16079s vram= 5904MB] L=0.3345  D=0.3319  PSNR= 4.79  R=0.1979 bpp
[ep 33 step  8500 t=  16116s vram= 5904MB] L=0.3343  D=0.3317  PSNR= 4.79  R=0.1981 bpp
[ep 33 step  8520 t=  16154s vram= 5904MB] L=0.3726  D=0.3700  PSNR= 4.32  R=0.1982 bpp
[ep 33 step  8540 t=  16192s vram= 5904MB] L=0.3571  D=0.3546  PSNR= 4.50  R=0.1975 bpp
[ep 33 step  8560 t=  16229s vram= 5904MB] L=0.4298  D=0.4273  PSNR= 3.69  R=0.1981 bpp
[ep 33 step  8580 t=  16267s vram= 5904MB] L=0.3515  D=0.3489  PSNR= 4.57  R=0.1980 bpp
[ep 33 step  8600 t=  16305s vram= 5904MB] L=0.3480  D=0.3454  PSNR= 4.62  R=0.1984 bpp
[ep 33 step  8620 t=  16342s vram= 5904MB] L=0.3486  D=0.3460  PSNR= 4.61  R=0.1974 bpp
[ep 33 step  8640 t=  16380s vram= 5904MB] L=0.3488  D=0.3462  PSNR= 4.61  R=0.1974 bpp
[ep 33 step  8660 t=  16417s vram= 5904MB] L=0.3575  D=0.3549  PSNR= 4.50  R=0.1967 bpp
[ep 33 step  8680 t=  16455s vram= 5904MB] L=0.3345  D=0.3319  PSNR= 4.79  R=0.1966 bpp
[ep 33 step  8700 t=  16493s vram= 5904MB] L=0.3669  D=0.3643  PSNR= 4.38  R=0.1969 bpp
saved checkpoints/base.pt (epoch 33, step 8704)
[ep 34 step  8720 t=  16533s vram= 5904MB] L=0.3284  D=0.3259  PSNR= 4.87  R=0.1964 bpp
[ep 34 step  8740 t=  16571s vram= 5904MB] L=0.3349  D=0.3324  PSNR= 4.78  R=0.1961 bpp
[ep 34 step  8760 t=  16609s vram= 5904MB] L=0.3422  D=0.3396  PSNR= 4.69  R=0.1964 bpp
[ep 34 step  8780 t=  16646s vram= 5904MB] L=0.3578  D=0.3553  PSNR= 4.49  R=0.1962 bpp
[ep 34 step  8800 t=  16684s vram= 5904MB] L=0.3582  D=0.3557  PSNR= 4.49  R=0.1963 bpp
[ep 34 step  8820 t=  16722s vram= 5904MB] L=0.3541  D=0.3515  PSNR= 4.54  R=0.1969 bpp
[ep 34 step  8840 t=  16759s vram= 5904MB] L=0.3640  D=0.3615  PSNR= 4.42  R=0.1958 bpp
[ep 34 step  8860 t=  16797s vram= 5904MB] L=0.3611  D=0.3585  PSNR= 4.45  R=0.1955 bpp
[ep 34 step  8880 t=  16834s vram= 5904MB] L=0.3629  D=0.3604  PSNR= 4.43  R=0.1954 bpp
[ep 34 step  8900 t=  16872s vram= 5904MB] L=0.3257  D=0.3231  PSNR= 4.91  R=0.1958 bpp
[ep 34 step  8920 t=  16910s vram= 5904MB] L=0.3583  D=0.3557  PSNR= 4.49  R=0.1956 bpp
[ep 34 step  8940 t=  16947s vram= 5904MB] L=0.3544  D=0.3518  PSNR= 4.54  R=0.1951 bpp
saved checkpoints/base.pt (epoch 34, step 8960)
[ep 35 step  8960 t=  16988s vram= 5904MB] L=0.3490  D=0.3464  PSNR= 4.60  R=0.1954 bpp
[ep 35 step  8980 t=  17026s vram= 5904MB] L=0.3338  D=0.3313  PSNR= 4.80  R=0.1954 bpp
[ep 35 step  9000 t=  17063s vram= 5904MB] L=0.3930  D=0.3905  PSNR= 4.08  R=0.1955 bpp
[ep 35 step  9020 t=  17101s vram= 5904MB] L=0.3221  D=0.3196  PSNR= 4.95  R=0.1944 bpp
[ep 35 step  9040 t=  17139s vram= 5904MB] L=0.3543  D=0.3518  PSNR= 4.54  R=0.1949 bpp
[ep 35 step  9060 t=  17176s vram= 5904MB] L=0.3579  D=0.3554  PSNR= 4.49  R=0.1947 bpp
[ep 35 step  9080 t=  17214s vram= 5904MB] L=0.3450  D=0.3424  PSNR= 4.65  R=0.1946 bpp
[ep 35 step  9100 t=  17251s vram= 5904MB] L=0.3512  D=0.3487  PSNR= 4.58  R=0.1945 bpp
[ep 35 step  9120 t=  17289s vram= 5904MB] L=0.3455  D=0.3430  PSNR= 4.65  R=0.1942 bpp
[ep 35 step  9140 t=  17327s vram= 5904MB] L=0.3461  D=0.3436  PSNR= 4.64  R=0.1944 bpp
[ep 35 step  9160 t=  17364s vram= 5904MB] L=0.3936  D=0.3911  PSNR= 4.08  R=0.1944 bpp
[ep 35 step  9180 t=  17402s vram= 5904MB] L=0.3464  D=0.3438  PSNR= 4.64  R=0.1942 bpp
[ep 35 step  9200 t=  17440s vram= 5904MB] L=0.3506  D=0.3481  PSNR= 4.58  R=0.1940 bpp
saved checkpoints/base.pt (epoch 35, step 9216)
[ep 36 step  9220 t=  17480s vram= 5904MB] L=0.3430  D=0.3404  PSNR= 4.68  R=0.1940 bpp
[ep 36 step  9240 t=  17518s vram= 5904MB] L=0.3635  D=0.3609  PSNR= 4.43  R=0.1942 bpp
[ep 36 step  9260 t=  17556s vram= 5904MB] L=0.3592  D=0.3567  PSNR= 4.48  R=0.1936 bpp
[ep 36 step  9280 t=  17593s vram= 5904MB] L=0.3219  D=0.3194  PSNR= 4.96  R=0.1935 bpp
[ep 36 step  9300 t=  17631s vram= 5904MB] L=0.3408  D=0.3383  PSNR= 4.71  R=0.1936 bpp
[ep 36 step  9320 t=  17669s vram= 5904MB] L=0.3742  D=0.3717  PSNR= 4.30  R=0.1936 bpp
[ep 36 step  9340 t=  17706s vram= 5904MB] L=0.3748  D=0.3723  PSNR= 4.29  R=0.1937 bpp
[ep 36 step  9360 t=  17744s vram= 5904MB] L=0.3515  D=0.3490  PSNR= 4.57  R=0.1937 bpp
[ep 36 step  9380 t=  17781s vram= 5904MB] L=0.3748  D=0.3723  PSNR= 4.29  R=0.1934 bpp
[ep 36 step  9400 t=  17819s vram= 5904MB] L=0.3624  D=0.3599  PSNR= 4.44  R=0.1935 bpp
[ep 36 step  9420 t=  17857s vram= 5904MB] L=0.3476  D=0.3451  PSNR= 4.62  R=0.1933 bpp
[ep 36 step  9440 t=  17894s vram= 5904MB] L=0.5065  D=0.4131  PSNR= 3.84  R=7.1817 bpp
[ep 36 step  9460 t=  17932s vram= 5904MB] L=0.3578  D=0.3446  PSNR= 4.63  R=1.0100 bpp
saved checkpoints/base.pt (epoch 36, step 9472)
[ep 37 step  9480 t=  17973s vram= 5904MB] L=0.3914  D=0.3773  PSNR= 4.23  R=1.0882 bpp
[ep 37 step  9500 t=  18010s vram= 5904MB] L=0.4023  D=0.3977  PSNR= 4.00  R=0.3512 bpp
[ep 37 step  9520 t=  18048s vram= 5904MB] L=0.3755  D=0.3725  PSNR= 4.29  R=0.2321 bpp
[ep 37 step  9540 t=  18086s vram= 5904MB] L=0.3496  D=0.3469  PSNR= 4.60  R=0.2095 bpp
[ep 37 step  9560 t=  18123s vram= 5904MB] L=0.3425  D=0.3398  PSNR= 4.69  R=0.2044 bpp
[ep 37 step  9580 t=  18161s vram= 5904MB] L=0.3416  D=0.3390  PSNR= 4.70  R=0.2049 bpp
[ep 37 step  9600 t=  18198s vram= 5904MB] L=0.3173  D=0.3147  PSNR= 5.02  R=0.2016 bpp
[ep 37 step  9620 t=  18236s vram= 5904MB] L=0.3527  D=0.3223  PSNR= 4.92  R=2.3435 bpp
[ep 37 step  9640 t=  18274s vram= 5904MB] L=0.4284  D=0.3946  PSNR= 4.04  R=2.6008 bpp
[ep 37 step  9660 t=  18311s vram= 5904MB] L=0.5166  D=0.3932  PSNR= 4.05  R=9.4973 bpp
[ep 37 step  9680 t=  18349s vram= 5904MB] L=0.4611  D=0.4287  PSNR= 3.68  R=2.4961 bpp
[ep 37 step  9700 t=  18386s vram= 5904MB] L=0.3873  D=0.3696  PSNR= 4.32  R=1.3572 bpp
[ep 37 step  9720 t=  18424s vram= 5904MB] L=0.4651  D=0.4251  PSNR= 3.71  R=3.0724 bpp
saved checkpoints/base.pt (epoch 37, step 9728)
[ep 38 step  9740 t=  18465s vram= 5904MB] L=0.4370  D=0.4181  PSNR= 3.79  R=1.4537 bpp
[ep 38 step  9760 t=  18503s vram= 5904MB] L=0.4567  D=0.4460  PSNR= 3.51  R=0.8197 bpp
[ep 38 step  9780 t=  18540s vram= 5904MB] L=0.4507  D=0.4386  PSNR= 3.58  R=0.9380 bpp
[ep 38 step  9800 t=  18578s vram= 5904MB] L=0.4321  D=0.4246  PSNR= 3.72  R=0.5723 bpp
[ep 38 step  9820 t=  18616s vram= 5904MB] L=0.4421  D=0.4365  PSNR= 3.60  R=0.4309 bpp
[ep 38 step  9840 t=  18653s vram= 5904MB] L=0.4225  D=0.4168  PSNR= 3.80  R=0.4419 bpp
[ep 38 step  9860 t=  18691s vram= 5904MB] L=0.4099  D=0.4021  PSNR= 3.96  R=0.6059 bpp
[ep 38 step  9880 t=  18728s vram= 5904MB] L=0.4038  D=0.3969  PSNR= 4.01  R=0.5308 bpp
[ep 38 step  9900 t=  18766s vram= 5904MB] L=0.4050  D=0.3989  PSNR= 3.99  R=0.4738 bpp
[ep 38 step  9920 t=  18804s vram= 5904MB] L=0.4155  D=0.4103  PSNR= 3.87  R=0.3968 bpp
[ep 38 step  9940 t=  18841s vram= 5904MB] L=0.3484  D=0.3431  PSNR= 4.65  R=0.4106 bpp
[ep 38 step  9960 t=  18879s vram= 5904MB] L=0.3496  D=0.3456  PSNR= 4.61  R=0.3097 bpp
[ep 38 step  9980 t=  18916s vram= 5904MB] L=0.3533  D=0.3498  PSNR= 4.56  R=0.2721 bpp
saved checkpoints/base.pt (epoch 38, step 9984)
[ep 39 step 10000 t=  18957s vram= 5904MB] L=0.3481  D=0.3447  PSNR= 4.63  R=0.2607 bpp
[ep 39 step 10020 t=  18995s vram= 5904MB] L=0.3205  D=0.3172  PSNR= 4.99  R=0.2534 bpp
[ep 39 step 10040 t=  19033s vram= 5904MB] L=0.3502  D=0.3471  PSNR= 4.60  R=0.2451 bpp
[ep 39 step 10060 t=  19070s vram= 5904MB] L=0.3669  D=0.3637  PSNR= 4.39  R=0.2456 bpp
[ep 39 step 10080 t=  19108s vram= 5904MB] L=0.3390  D=0.3359  PSNR= 4.74  R=0.2368 bpp
[ep 39 step 10100 t=  19145s vram= 5904MB] L=0.3307  D=0.3275  PSNR= 4.85  R=0.2432 bpp
[ep 39 step 10120 t=  19183s vram= 5904MB] L=0.3298  D=0.3268  PSNR= 4.86  R=0.2346 bpp
[ep 39 step 10140 t=  19221s vram= 5904MB] L=0.3515  D=0.3484  PSNR= 4.58  R=0.2387 bpp
[ep 39 step 10160 t=  19258s vram= 5904MB] L=0.3739  D=0.3708  PSNR= 4.31  R=0.2349 bpp
[ep 39 step 10180 t=  19296s vram= 5904MB] L=0.3338  D=0.3308  PSNR= 4.80  R=0.2280 bpp
[ep 39 step 10200 t=  19333s vram= 5904MB] L=0.3453  D=0.3423  PSNR= 4.66  R=0.2266 bpp
[ep 39 step 10220 t=  19371s vram= 5904MB] L=0.3643  D=0.3614  PSNR= 4.42  R=0.2271 bpp
saved checkpoints/base.pt (epoch 39, step 10240)
[ep 40 step 10240 t=  19412s vram= 5904MB] L=0.3533  D=0.3504  PSNR= 4.55  R=0.2225 bpp
[ep 40 step 10260 t=  19450s vram= 5904MB] L=0.3412  D=0.3383  PSNR= 4.71  R=0.2227 bpp
[ep 40 step 10280 t=  19487s vram= 5904MB] L=0.3338  D=0.3310  PSNR= 4.80  R=0.2208 bpp
[ep 40 step 10300 t=  19525s vram= 5904MB] L=0.3674  D=0.3646  PSNR= 4.38  R=0.2178 bpp
[ep 40 step 10320 t=  19562s vram= 5904MB] L=0.3534  D=0.3506  PSNR= 4.55  R=0.2203 bpp
[ep 40 step 10340 t=  19600s vram= 5904MB] L=0.3675  D=0.3647  PSNR= 4.38  R=0.2166 bpp
[ep 40 step 10360 t=  19638s vram= 5904MB] L=0.3369  D=0.3341  PSNR= 4.76  R=0.2188 bpp
[ep 40 step 10380 t=  19675s vram= 5904MB] L=0.3483  D=0.3455  PSNR= 4.62  R=0.2156 bpp
[ep 40 step 10400 t=  19713s vram= 5904MB] L=0.3590  D=0.3562  PSNR= 4.48  R=0.2151 bpp
[ep 40 step 10420 t=  19750s vram= 5904MB] L=0.3610  D=0.3582  PSNR= 4.46  R=0.2162 bpp
[ep 40 step 10440 t=  19788s vram= 5904MB] L=0.3579  D=0.3551  PSNR= 4.50  R=0.2164 bpp
reached --max-seconds 19800, stopping
saved checkpoints/base.pt (epoch 40, step 10448)
